<?xml version="1.0" encoding="UTF-8"?>
<testsuites tests="43" failures="0" disabled="0" errors="0" timestamp="2017-05-20T15:01:47" time="584.34" name="AllTests">
  <testsuite name="Alias" tests="2" failures="0" disabled="0" errors="0" time="0">
    <testcase name="Alias" status="run" time="0" classname="Alias" />
    <testcase name="Next" status="run" time="0" classname="Alias" />
  </testsuite>
  <testsuite name="CheckPoint" tests="6" failures="0" disabled="0" errors="0" time="1.63">
    <testcase name="CheckPoint" status="run" time="0" classname="CheckPoint" />
    <testcase name="CreateFile" status="run" time="0.002" classname="CheckPoint" />
    <testcase name="Open_CloseFile" status="run" time="0" classname="CheckPoint" />
    <testcase name="Write_LoadConfig" status="run" time="1.158" classname="CheckPoint" />
    <testcase name="Write_LoadHolidays" status="run" time="0.002" classname="CheckPoint" />
    <testcase name="SaveLoadCheckPoint" status="run" time="0.468" classname="CheckPoint" />
  </testsuite>
  <testsuite name="GeoPosition" tests="1" failures="0" disabled="0" errors="0" time="0">
    <testcase name="SampleCalculation" status="run" time="0" classname="GeoPosition" />
  </testsuite>
  <testsuite name="Mpi" tests="1" failures="0" disabled="0" errors="0" time="0.001">
    <testcase name="GetEnvironment" status="run" time="0.001" classname="Mpi" />
  </testsuite>
  <testsuite name="Parallel" tests="6" failures="0" disabled="0" errors="0" time="0.002">
    <testcase name="VectorSerial" status="run" time="0" classname="Parallel" />
    <testcase name="VectorParallel" status="run" time="0.001" classname="Parallel" />
    <testcase name="VectorPseudoParallel" status="run" time="0" classname="Parallel" />
    <testcase name="MapSerial" status="run" time="0" classname="Parallel" />
    <testcase name="MapParallel" status="run" time="0.001" classname="Parallel" />
    <testcase name="MapPseudoParallel" status="run" time="0" classname="Parallel" />
  </testsuite>
  <testsuite name="ParsePopulationModel" tests="2" failures="0" disabled="0" errors="0" time="0.001">
    <testcase name="ParseDefaultPopulationModel" status="run" time="0" classname="ParsePopulationModel" />
    <testcase name="ExceptionOnInvalidFile" status="run" time="0" classname="ParsePopulationModel" />
  </testsuite>
  <testsuite name="ParseSimulationConfig" tests="3" failures="0" disabled="0" errors="0" time="0.001">
    <testcase name="ParseDefaultSimulationConfig" status="run" time="0" classname="ParseSimulationConfig" />
    <testcase name="ExceptionOnInvalidFile" status="run" time="0" classname="ParseSimulationConfig" />
    <testcase name="ParseTravelSimulationConfig" status="run" time="0.001" classname="ParseSimulationConfig" />
  </testsuite>
  <testsuite name="ParseTravelModel" tests="1" failures="0" disabled="0" errors="0" time="0">
    <testcase name="ParseDefaultTravelModel" status="run" time="0" classname="ParseTravelModel" />
  </testsuite>
  <testsuite name="PopulationGeneration" tests="2" failures="0" disabled="0" errors="0" time="0.636">
    <testcase name="GeneratedPopulationFitsModel" status="run" time="0.215" classname="PopulationGeneration" />
    <testcase name="GeneratedPopulationIsInfectious" status="run" time="0.421" classname="PopulationGeneration" />
  </testsuite>
  <testsuite name="RunSimulator" tests="3" failures="0" disabled="0" errors="0" time="308.263">
    <testcase name="RunSimulatorDefault" status="run" time="50.635" classname="RunSimulator" />
    <testcase name="RunSimulatorMultiregion" status="run" time="79.586" classname="RunSimulator" />
    <testcase name="RunSimulatorTravel" status="run" time="178.027" classname="RunSimulator" />
  </testsuite>
  <testsuite name="TravelModelGraph" tests="1" failures="0" disabled="0" errors="0" time="0.005">
    <testcase name="VerifyBoostGraph" status="run" time="0.005" classname="TravelModelGraph" />
  </testsuite>
  <testsuite name="Run_default/BatchDemos" tests="3" failures="0" disabled="0" errors="0" time="69.17">
    <testcase name="Run/0" value_param="(&quot;default&quot;, 1)" status="run" time="24.207" classname="Run_default/BatchDemos" />
    <testcase name="Run/1" value_param="(&quot;default&quot;, 4)" status="run" time="21.768" classname="Run_default/BatchDemos" />
    <testcase name="Run/2" value_param="(&quot;default&quot;, 8)" status="run" time="23.195" classname="Run_default/BatchDemos" />
  </testsuite>
  <testsuite name="Run_seeding_rate/BatchDemos" tests="3" failures="0" disabled="0" errors="0" time="34.043">
    <testcase name="Run/0" value_param="(&quot;seeding_rate&quot;, 1)" status="run" time="13.945" classname="Run_seeding_rate/BatchDemos" />
    <testcase name="Run/1" value_param="(&quot;seeding_rate&quot;, 4)" status="run" time="10.549" classname="Run_seeding_rate/BatchDemos" />
    <testcase name="Run/2" value_param="(&quot;seeding_rate&quot;, 8)" status="run" time="9.543" classname="Run_seeding_rate/BatchDemos" />
  </testsuite>
  <testsuite name="Run_immunity_rate/BatchDemos" tests="3" failures="0" disabled="0" errors="0" time="54.16">
    <testcase name="Run/0" value_param="(&quot;immunity_rate&quot;, 1)" status="run" time="17.689" classname="Run_immunity_rate/BatchDemos" />
    <testcase name="Run/1" value_param="(&quot;immunity_rate&quot;, 4)" status="run" time="19.918" classname="Run_immunity_rate/BatchDemos" />
    <testcase name="Run/2" value_param="(&quot;immunity_rate&quot;, 8)" status="run" time="16.553" classname="Run_immunity_rate/BatchDemos" />
  </testsuite>
  <testsuite name="Run_measles/BatchDemos" tests="3" failures="0" disabled="0" errors="0" time="51.687">
    <testcase name="Run/0" value_param="(&quot;measles&quot;, 1)" status="run" time="19.117" classname="Run_measles/BatchDemos" />
    <testcase name="Run/1" value_param="(&quot;measles&quot;, 4)" status="run" time="17.822" classname="Run_measles/BatchDemos" />
    <testcase name="Run/2" value_param="(&quot;measles&quot;, 8)" status="run" time="14.748" classname="Run_measles/BatchDemos" />
  </testsuite>
  <testsuite name="Run_maximum/BatchDemos" tests="3" failures="0" disabled="0" errors="0" time="64.738">
    <testcase name="Run/0" value_param="(&quot;maximum&quot;, 1)" status="run" time="25.116" classname="Run_maximum/BatchDemos" />
    <testcase name="Run/1" value_param="(&quot;maximum&quot;, 4)" status="run" time="19.762" classname="Run_maximum/BatchDemos" />
    <testcase name="Run/2" value_param="(&quot;maximum&quot;, 8)" status="run" time="19.858" classname="Run_maximum/BatchDemos" />
  </testsuite>
</testsuites>
