<?xml version="1.0" encoding="UTF-8"?>
<testsuites tests="29" failures="0" disabled="0" errors="0" timestamp="2017-05-01T15:50:51" time="390.081" name="AllTests">
  <testsuite name="ParsePopulationModel" tests="2" failures="0" disabled="0" errors="0" time="0.001">
    <testcase name="ParseDefaultPopulationModel" status="run" time="0.001" classname="ParsePopulationModel" />
    <testcase name="ExceptionOnInvalidFile" status="run" time="0" classname="ParsePopulationModel" />
  </testsuite>
  <testsuite name="Alias" tests="2" failures="0" disabled="0" errors="0" time="0">
    <testcase name="Alias" status="run" time="0" classname="Alias" />
    <testcase name="Next" status="run" time="0" classname="Alias" />
  </testsuite>
  <testsuite name="ParseSimulationConfig" tests="3" failures="0" disabled="0" errors="0" time="0.001">
    <testcase name="ParseDefaultSimulationConfig" status="run" time="0.001" classname="ParseSimulationConfig" />
    <testcase name="ExceptionOnInvalidFile" status="run" time="0" classname="ParseSimulationConfig" />
    <testcase name="ParseTravelSimulationConfig" status="run" time="0" classname="ParseSimulationConfig" />
  </testsuite>
  <testsuite name="ParseTravelModel" tests="1" failures="0" disabled="0" errors="0" time="0">
    <testcase name="ParseDefaultTravelModel" status="run" time="0" classname="ParseTravelModel" />
  </testsuite>
  <testsuite name="Mpi" tests="1" failures="0" disabled="0" errors="0" time="0.001">
    <testcase name="GetEnvironment" status="run" time="0.001" classname="Mpi" />
  </testsuite>
  <testsuite name="RunSimulator" tests="3" failures="0" disabled="0" errors="0" time="200.336">
    <testcase name="RunSimulatorDefault" status="run" time="33.962" classname="RunSimulator" />
    <testcase name="RunSimulatorMultiregion" status="run" time="51.489" classname="RunSimulator" />
    <testcase name="RunSimulatorTravel" status="run" time="114.883" classname="RunSimulator" />
  </testsuite>
  <testsuite name="TravelModelGraph" tests="1" failures="0" disabled="0" errors="0" time="0.004">
    <testcase name="VerifyBoostGraph" status="run" time="0.004" classname="TravelModelGraph" />
  </testsuite>
  <testsuite name="HTTP" tests="1" failures="0" disabled="0" errors="0" time="2.001">
    <testcase name="ServerPrototype" status="run" time="2.001" classname="HTTP" />
  </testsuite>
  <testsuite name="Run_default/BatchDemos" tests="3" failures="0" disabled="0" errors="0" time="45.611">
    <testcase name="Run/0" value_param="(&quot;default&quot;, 1)" status="run" time="14.68" classname="Run_default/BatchDemos" />
    <testcase name="Run/1" value_param="(&quot;default&quot;, 4)" status="run" time="15.348" classname="Run_default/BatchDemos" />
    <testcase name="Run/2" value_param="(&quot;default&quot;, 8)" status="run" time="15.583" classname="Run_default/BatchDemos" />
  </testsuite>
  <testsuite name="Run_seeding_rate/BatchDemos" tests="3" failures="0" disabled="0" errors="0" time="26.688">
    <testcase name="Run/0" value_param="(&quot;seeding_rate&quot;, 1)" status="run" time="8.547" classname="Run_seeding_rate/BatchDemos" />
    <testcase name="Run/1" value_param="(&quot;seeding_rate&quot;, 4)" status="run" time="8.761" classname="Run_seeding_rate/BatchDemos" />
    <testcase name="Run/2" value_param="(&quot;seeding_rate&quot;, 8)" status="run" time="9.38" classname="Run_seeding_rate/BatchDemos" />
  </testsuite>
  <testsuite name="Run_immunity_rate/BatchDemos" tests="3" failures="0" disabled="0" errors="0" time="36.225">
    <testcase name="Run/0" value_param="(&quot;immunity_rate&quot;, 1)" status="run" time="12.009" classname="Run_immunity_rate/BatchDemos" />
    <testcase name="Run/1" value_param="(&quot;immunity_rate&quot;, 4)" status="run" time="11.764" classname="Run_immunity_rate/BatchDemos" />
    <testcase name="Run/2" value_param="(&quot;immunity_rate&quot;, 8)" status="run" time="12.452" classname="Run_immunity_rate/BatchDemos" />
  </testsuite>
  <testsuite name="Run_measles/BatchDemos" tests="3" failures="0" disabled="0" errors="0" time="35.407">
    <testcase name="Run/0" value_param="(&quot;measles&quot;, 1)" status="run" time="11.778" classname="Run_measles/BatchDemos" />
    <testcase name="Run/1" value_param="(&quot;measles&quot;, 4)" status="run" time="11.748" classname="Run_measles/BatchDemos" />
    <testcase name="Run/2" value_param="(&quot;measles&quot;, 8)" status="run" time="11.88" classname="Run_measles/BatchDemos" />
  </testsuite>
  <testsuite name="Run_maximum/BatchDemos" tests="3" failures="0" disabled="0" errors="0" time="43.803">
    <testcase name="Run/0" value_param="(&quot;maximum&quot;, 1)" status="run" time="14.882" classname="Run_maximum/BatchDemos" />
    <testcase name="Run/1" value_param="(&quot;maximum&quot;, 4)" status="run" time="14.649" classname="Run_maximum/BatchDemos" />
    <testcase name="Run/2" value_param="(&quot;maximum&quot;, 8)" status="run" time="14.272" classname="Run_maximum/BatchDemos" />
  </testsuite>
</testsuites>
