<?xml version="1.0" encoding="UTF-8"?>
<testsuites tests="32" failures="0" disabled="0" errors="0" timestamp="2017-05-09T11:49:19" time="360.162" name="AllTests">
  <testsuite name="Alias" tests="2" failures="0" disabled="0" errors="0" time="0.001">
    <testcase name="Alias" status="run" time="0.001" classname="Alias" />
    <testcase name="Next" status="run" time="0" classname="Alias" />
  </testsuite>
  <testsuite name="GeoPosition" tests="1" failures="0" disabled="0" errors="0" time="0">
    <testcase name="SampleCalculation" status="run" time="0" classname="GeoPosition" />
  </testsuite>
  <testsuite name="Mpi" tests="1" failures="0" disabled="0" errors="0" time="0.002">
    <testcase name="GetEnvironment" status="run" time="0.002" classname="Mpi" />
  </testsuite>
  <testsuite name="ParsePopulationModel" tests="2" failures="0" disabled="0" errors="0" time="0.001">
    <testcase name="ParseDefaultPopulationModel" status="run" time="0.001" classname="ParsePopulationModel" />
    <testcase name="ExceptionOnInvalidFile" status="run" time="0" classname="ParsePopulationModel" />
  </testsuite>
  <testsuite name="ParseSimulationConfig" tests="3" failures="0" disabled="0" errors="0" time="0.001">
    <testcase name="ParseDefaultSimulationConfig" status="run" time="0.001" classname="ParseSimulationConfig" />
    <testcase name="ExceptionOnInvalidFile" status="run" time="0" classname="ParseSimulationConfig" />
    <testcase name="ParseTravelSimulationConfig" status="run" time="0" classname="ParseSimulationConfig" />
  </testsuite>
  <testsuite name="ParseTravelModel" tests="1" failures="0" disabled="0" errors="0" time="0">
    <testcase name="ParseDefaultTravelModel" status="run" time="0" classname="ParseTravelModel" />
  </testsuite>
  <testsuite name="PopulationGeneration" tests="2" failures="0" disabled="0" errors="0" time="0.411">
    <testcase name="GeneratedPopulationFitsModel" status="run" time="0.127" classname="PopulationGeneration" />
    <testcase name="GeneratedPopulationIsInfectious" status="run" time="0.284" classname="PopulationGeneration" />
  </testsuite>
  <testsuite name="RunSimulator" tests="3" failures="0" disabled="0" errors="0" time="190.492">
    <testcase name="RunSimulatorDefault" status="run" time="31.311" classname="RunSimulator" />
    <testcase name="RunSimulatorMultiregion" status="run" time="46.884" classname="RunSimulator" />
    <testcase name="RunSimulatorTravel" status="run" time="112.282" classname="RunSimulator" />
  </testsuite>
  <testsuite name="TravelModelGraph" tests="1" failures="0" disabled="0" errors="0" time="0.011">
    <testcase name="VerifyBoostGraph" status="run" time="0.011" classname="TravelModelGraph" />
  </testsuite>
  <testsuite name="HTTP" tests="1" failures="0" disabled="0" errors="0" time="2.002">
    <testcase name="ServerPrototype" status="run" time="2.002" classname="HTTP" />
  </testsuite>
  <testsuite name="Run_default/BatchDemos" tests="3" failures="0" disabled="0" errors="0" time="42.275">
    <testcase name="Run/0" value_param="(&quot;default&quot;, 1)" status="run" time="14.281" classname="Run_default/BatchDemos" />
    <testcase name="Run/1" value_param="(&quot;default&quot;, 4)" status="run" time="14.448" classname="Run_default/BatchDemos" />
    <testcase name="Run/2" value_param="(&quot;default&quot;, 8)" status="run" time="13.546" classname="Run_default/BatchDemos" />
  </testsuite>
  <testsuite name="Run_seeding_rate/BatchDemos" tests="3" failures="0" disabled="0" errors="0" time="22.156">
    <testcase name="Run/0" value_param="(&quot;seeding_rate&quot;, 1)" status="run" time="7.773" classname="Run_seeding_rate/BatchDemos" />
    <testcase name="Run/1" value_param="(&quot;seeding_rate&quot;, 4)" status="run" time="7.142" classname="Run_seeding_rate/BatchDemos" />
    <testcase name="Run/2" value_param="(&quot;seeding_rate&quot;, 8)" status="run" time="7.241" classname="Run_seeding_rate/BatchDemos" />
  </testsuite>
  <testsuite name="Run_immunity_rate/BatchDemos" tests="3" failures="0" disabled="0" errors="0" time="31.361">
    <testcase name="Run/0" value_param="(&quot;immunity_rate&quot;, 1)" status="run" time="10.975" classname="Run_immunity_rate/BatchDemos" />
    <testcase name="Run/1" value_param="(&quot;immunity_rate&quot;, 4)" status="run" time="10.143" classname="Run_immunity_rate/BatchDemos" />
    <testcase name="Run/2" value_param="(&quot;immunity_rate&quot;, 8)" status="run" time="10.243" classname="Run_immunity_rate/BatchDemos" />
  </testsuite>
  <testsuite name="Run_measles/BatchDemos" tests="3" failures="0" disabled="0" errors="0" time="32.173">
    <testcase name="Run/0" value_param="(&quot;measles&quot;, 1)" status="run" time="11.174" classname="Run_measles/BatchDemos" />
    <testcase name="Run/1" value_param="(&quot;measles&quot;, 4)" status="run" time="10.644" classname="Run_measles/BatchDemos" />
    <testcase name="Run/2" value_param="(&quot;measles&quot;, 8)" status="run" time="10.355" classname="Run_measles/BatchDemos" />
  </testsuite>
  <testsuite name="Run_maximum/BatchDemos" tests="3" failures="0" disabled="0" errors="0" time="39.274">
    <testcase name="Run/0" value_param="(&quot;maximum&quot;, 1)" status="run" time="13.987" classname="Run_maximum/BatchDemos" />
    <testcase name="Run/1" value_param="(&quot;maximum&quot;, 4)" status="run" time="12.745" classname="Run_maximum/BatchDemos" />
    <testcase name="Run/2" value_param="(&quot;maximum&quot;, 8)" status="run" time="12.542" classname="Run_maximum/BatchDemos" />
  </testsuite>
</testsuites>
