<?xml version="1.0" encoding="UTF-8"?>
<testsuites tests="29" failures="0" disabled="0" errors="0" timestamp="2017-05-01T18:54:14" time="393.879" name="AllTests">
  <testsuite name="ParsePopulationModel" tests="2" failures="0" disabled="0" errors="0" time="0">
    <testcase name="ParseDefaultPopulationModel" status="run" time="0" classname="ParsePopulationModel" />
    <testcase name="ExceptionOnInvalidFile" status="run" time="0" classname="ParsePopulationModel" />
  </testsuite>
  <testsuite name="Alias" tests="2" failures="0" disabled="0" errors="0" time="0">
    <testcase name="Alias" status="run" time="0" classname="Alias" />
    <testcase name="Next" status="run" time="0" classname="Alias" />
  </testsuite>
  <testsuite name="ParseSimulationConfig" tests="3" failures="0" disabled="0" errors="0" time="0.001">
    <testcase name="ParseDefaultSimulationConfig" status="run" time="0.001" classname="ParseSimulationConfig" />
    <testcase name="ExceptionOnInvalidFile" status="run" time="0" classname="ParseSimulationConfig" />
    <testcase name="ParseTravelSimulationConfig" status="run" time="0" classname="ParseSimulationConfig" />
  </testsuite>
  <testsuite name="ParseTravelModel" tests="1" failures="0" disabled="0" errors="0" time="0">
    <testcase name="ParseDefaultTravelModel" status="run" time="0" classname="ParseTravelModel" />
  </testsuite>
  <testsuite name="Mpi" tests="1" failures="0" disabled="0" errors="0" time="0.002">
    <testcase name="GetEnvironment" status="run" time="0.002" classname="Mpi" />
  </testsuite>
  <testsuite name="RunSimulator" tests="3" failures="0" disabled="0" errors="0" time="200.259">
    <testcase name="RunSimulatorDefault" status="run" time="34.325" classname="RunSimulator" />
    <testcase name="RunSimulatorMultiregion" status="run" time="49.365" classname="RunSimulator" />
    <testcase name="RunSimulatorTravel" status="run" time="116.567" classname="RunSimulator" />
  </testsuite>
  <testsuite name="TravelModelGraph" tests="1" failures="0" disabled="0" errors="0" time="0.012">
    <testcase name="VerifyBoostGraph" status="run" time="0.012" classname="TravelModelGraph" />
  </testsuite>
  <testsuite name="HTTP" tests="1" failures="0" disabled="0" errors="0" time="2.001">
    <testcase name="ServerPrototype" status="run" time="2.001" classname="HTTP" />
  </testsuite>
  <testsuite name="Run_default/BatchDemos" tests="3" failures="0" disabled="0" errors="0" time="49.318">
    <testcase name="Run/0" value_param="(&quot;default&quot;, 1)" status="run" time="19.702" classname="Run_default/BatchDemos" />
    <testcase name="Run/1" value_param="(&quot;default&quot;, 4)" status="run" time="16.355" classname="Run_default/BatchDemos" />
    <testcase name="Run/2" value_param="(&quot;default&quot;, 8)" status="run" time="13.261" classname="Run_default/BatchDemos" />
  </testsuite>
  <testsuite name="Run_seeding_rate/BatchDemos" tests="3" failures="0" disabled="0" errors="0" time="26.37">
    <testcase name="Run/0" value_param="(&quot;seeding_rate&quot;, 1)" status="run" time="9.985" classname="Run_seeding_rate/BatchDemos" />
    <testcase name="Run/1" value_param="(&quot;seeding_rate&quot;, 4)" status="run" time="8.545" classname="Run_seeding_rate/BatchDemos" />
    <testcase name="Run/2" value_param="(&quot;seeding_rate&quot;, 8)" status="run" time="7.84" classname="Run_seeding_rate/BatchDemos" />
  </testsuite>
  <testsuite name="Run_immunity_rate/BatchDemos" tests="3" failures="0" disabled="0" errors="0" time="40.791">
    <testcase name="Run/0" value_param="(&quot;immunity_rate&quot;, 1)" status="run" time="13.789" classname="Run_immunity_rate/BatchDemos" />
    <testcase name="Run/1" value_param="(&quot;immunity_rate&quot;, 4)" status="run" time="13.752" classname="Run_immunity_rate/BatchDemos" />
    <testcase name="Run/2" value_param="(&quot;immunity_rate&quot;, 8)" status="run" time="13.249" classname="Run_immunity_rate/BatchDemos" />
  </testsuite>
  <testsuite name="Run_measles/BatchDemos" tests="3" failures="0" disabled="0" errors="0" time="34.858">
    <testcase name="Run/0" value_param="(&quot;measles&quot;, 1)" status="run" time="11.771" classname="Run_measles/BatchDemos" />
    <testcase name="Run/1" value_param="(&quot;measles&quot;, 4)" status="run" time="12.445" classname="Run_measles/BatchDemos" />
    <testcase name="Run/2" value_param="(&quot;measles&quot;, 8)" status="run" time="10.642" classname="Run_measles/BatchDemos" />
  </testsuite>
  <testsuite name="Run_maximum/BatchDemos" tests="3" failures="0" disabled="0" errors="0" time="40.264">
    <testcase name="Run/0" value_param="(&quot;maximum&quot;, 1)" status="run" time="14.676" classname="Run_maximum/BatchDemos" />
    <testcase name="Run/1" value_param="(&quot;maximum&quot;, 4)" status="run" time="13.045" classname="Run_maximum/BatchDemos" />
    <testcase name="Run/2" value_param="(&quot;maximum&quot;, 8)" status="run" time="12.543" classname="Run_maximum/BatchDemos" />
  </testsuite>
</testsuites>
