<?xml version="1.0" encoding="UTF-8"?>
<testsuites tests="38" failures="7" disabled="0" errors="0" timestamp="2017-05-10T10:00:07" time="361.141" name="AllTests">
  <testsuite name="Alias" tests="2" failures="0" disabled="0" errors="0" time="0">
    <testcase name="Alias" status="run" time="0" classname="Alias" />
    <testcase name="Next" status="run" time="0" classname="Alias" />
  </testsuite>
  <testsuite name="GeoPosition" tests="1" failures="0" disabled="0" errors="0" time="0.003">
    <testcase name="SampleCalculation" status="run" time="0.003" classname="GeoPosition" />
  </testsuite>
  <testsuite name="Mpi" tests="1" failures="0" disabled="0" errors="0" time="0.004">
    <testcase name="GetEnvironment" status="run" time="0.004" classname="Mpi" />
  </testsuite>
  <testsuite name="Parallel" tests="6" failures="1" disabled="0" errors="0" time="0.017">
    <testcase name="VectorSerial" status="run" time="0" classname="Parallel" />
    <testcase name="VectorParallel" status="run" time="0.005" classname="Parallel" />
    <testcase name="VectorPseudoParallel" status="run" time="0" classname="Parallel" />
    <testcase name="MapSerial" status="run" time="0" classname="Parallel" />
    <testcase name="MapParallel" status="run" time="0.008" classname="Parallel">
      <failure message="/Users/travis/build/jonathanvdc/bachelorproef/src/test/cpp/gtester/ParallelTest.cpp:66&#x0A;Value of: pair.second&#x0A;  Actual: 0&#x0A;Expected: pair.first&#x0A;Which is: 2" type=""><![CDATA[/Users/travis/build/jonathanvdc/bachelorproef/src/test/cpp/gtester/ParallelTest.cpp:66
Value of: pair.second
  Actual: 0
Expected: pair.first
Which is: 2]]></failure>
    </testcase>
    <testcase name="MapPseudoParallel" status="run" time="0.002" classname="Parallel" />
  </testsuite>
  <testsuite name="ParsePopulationModel" tests="2" failures="0" disabled="0" errors="0" time="0.008">
    <testcase name="ParseDefaultPopulationModel" status="run" time="0.003" classname="ParsePopulationModel" />
    <testcase name="ExceptionOnInvalidFile" status="run" time="0.002" classname="ParsePopulationModel" />
  </testsuite>
  <testsuite name="ParseSimulationConfig" tests="3" failures="0" disabled="0" errors="0" time="0.011">
    <testcase name="ParseDefaultSimulationConfig" status="run" time="0.001" classname="ParseSimulationConfig" />
    <testcase name="ExceptionOnInvalidFile" status="run" time="0.002" classname="ParseSimulationConfig" />
    <testcase name="ParseTravelSimulationConfig" status="run" time="0.003" classname="ParseSimulationConfig" />
  </testsuite>
  <testsuite name="ParseTravelModel" tests="1" failures="0" disabled="0" errors="0" time="0.004">
    <testcase name="ParseDefaultTravelModel" status="run" time="0.001" classname="ParseTravelModel" />
  </testsuite>
  <testsuite name="PopulationGeneration" tests="2" failures="0" disabled="0" errors="0" time="0.642">
    <testcase name="GeneratedPopulationFitsModel" status="run" time="0.204" classname="PopulationGeneration" />
    <testcase name="GeneratedPopulationIsInfectious" status="run" time="0.436" classname="PopulationGeneration" />
  </testsuite>
  <testsuite name="RunSimulator" tests="3" failures="0" disabled="0" errors="0" time="199.022">
    <testcase name="RunSimulatorDefault" status="run" time="33.651" classname="RunSimulator" />
    <testcase name="RunSimulatorMultiregion" status="run" time="49.352" classname="RunSimulator" />
    <testcase name="RunSimulatorTravel" status="run" time="116.019" classname="RunSimulator" />
  </testsuite>
  <testsuite name="TravelModelGraph" tests="1" failures="0" disabled="0" errors="0" time="0.001">
    <testcase name="VerifyBoostGraph" status="run" time="0.001" classname="TravelModelGraph" />
  </testsuite>
  <testsuite name="HTTP" tests="1" failures="0" disabled="0" errors="0" time="2.252">
    <testcase name="ServerPrototype" status="run" time="2.252" classname="HTTP" />
  </testsuite>
  <testsuite name="Run_default/BatchDemos" tests="3" failures="2" disabled="0" errors="0" time="31.298">
    <testcase name="Run/0" value_param="(&quot;default&quot;, 1)" status="run" time="16.596" classname="Run_default/BatchDemos" />
    <testcase name="Run/1" value_param="(&quot;default&quot;, 4)" status="run" time="7.463" classname="Run_default/BatchDemos">
      <failure message="/Users/travis/build/jonathanvdc/bachelorproef/src/test/cpp/gtester/BatchRuns.cpp:199&#x0A;The difference between num_cases and g_results.at(test_tag) is 74930, which exceeds 15000, where&#x0A;num_cases evaluates to 70,&#x0A;g_results.at(test_tag) evaluates to 75000, and&#x0A;15000 evaluates to 15000.&#x0A;!! CHANGED !!" type=""><![CDATA[/Users/travis/build/jonathanvdc/bachelorproef/src/test/cpp/gtester/BatchRuns.cpp:199
The difference between num_cases and g_results.at(test_tag) is 74930, which exceeds 15000, where
num_cases evaluates to 70,
g_results.at(test_tag) evaluates to 75000, and
15000 evaluates to 15000.
!! CHANGED !!]]></failure>
    </testcase>
    <testcase name="Run/2" value_param="(&quot;default&quot;, 8)" status="run" time="7.237" classname="Run_default/BatchDemos">
      <failure message="/Users/travis/build/jonathanvdc/bachelorproef/src/test/cpp/gtester/BatchRuns.cpp:199&#x0A;The difference between num_cases and g_results.at(test_tag) is 74930, which exceeds 15000, where&#x0A;num_cases evaluates to 70,&#x0A;g_results.at(test_tag) evaluates to 75000, and&#x0A;15000 evaluates to 15000.&#x0A;!! CHANGED !!" type=""><![CDATA[/Users/travis/build/jonathanvdc/bachelorproef/src/test/cpp/gtester/BatchRuns.cpp:199
The difference between num_cases and g_results.at(test_tag) is 74930, which exceeds 15000, where
num_cases evaluates to 70,
g_results.at(test_tag) evaluates to 75000, and
15000 evaluates to 15000.
!! CHANGED !!]]></failure>
    </testcase>
  </testsuite>
  <testsuite name="Run_seeding_rate/BatchDemos" tests="3" failures="0" disabled="0" errors="0" time="25.638">
    <testcase name="Run/0" value_param="(&quot;seeding_rate&quot;, 1)" status="run" time="10.527" classname="Run_seeding_rate/BatchDemos" />
    <testcase name="Run/1" value_param="(&quot;seeding_rate&quot;, 4)" status="run" time="7.879" classname="Run_seeding_rate/BatchDemos" />
    <testcase name="Run/2" value_param="(&quot;seeding_rate&quot;, 8)" status="run" time="7.231" classname="Run_seeding_rate/BatchDemos" />
  </testsuite>
  <testsuite name="Run_immunity_rate/BatchDemos" tests="3" failures="0" disabled="0" errors="0" time="44.353">
    <testcase name="Run/0" value_param="(&quot;immunity_rate&quot;, 1)" status="run" time="16.111" classname="Run_immunity_rate/BatchDemos" />
    <testcase name="Run/1" value_param="(&quot;immunity_rate&quot;, 4)" status="run" time="14.073" classname="Run_immunity_rate/BatchDemos" />
    <testcase name="Run/2" value_param="(&quot;immunity_rate&quot;, 8)" status="run" time="14.169" classname="Run_immunity_rate/BatchDemos" />
  </testsuite>
  <testsuite name="Run_measles/BatchDemos" tests="3" failures="2" disabled="0" errors="0" time="27.966">
    <testcase name="Run/0" value_param="(&quot;measles&quot;, 1)" status="run" time="13.912" classname="Run_measles/BatchDemos" />
    <testcase name="Run/1" value_param="(&quot;measles&quot;, 4)" status="run" time="7.219" classname="Run_measles/BatchDemos">
      <failure message="/Users/travis/build/jonathanvdc/bachelorproef/src/test/cpp/gtester/BatchRuns.cpp:199&#x0A;The difference between num_cases and g_results.at(test_tag) is 134930, which exceeds 15000, where&#x0A;num_cases evaluates to 70,&#x0A;g_results.at(test_tag) evaluates to 135000, and&#x0A;15000 evaluates to 15000.&#x0A;!! CHANGED !!" type=""><![CDATA[/Users/travis/build/jonathanvdc/bachelorproef/src/test/cpp/gtester/BatchRuns.cpp:199
The difference between num_cases and g_results.at(test_tag) is 134930, which exceeds 15000, where
num_cases evaluates to 70,
g_results.at(test_tag) evaluates to 135000, and
15000 evaluates to 15000.
!! CHANGED !!]]></failure>
    </testcase>
    <testcase name="Run/2" value_param="(&quot;measles&quot;, 8)" status="run" time="6.835" classname="Run_measles/BatchDemos">
      <failure message="/Users/travis/build/jonathanvdc/bachelorproef/src/test/cpp/gtester/BatchRuns.cpp:199&#x0A;The difference between num_cases and g_results.at(test_tag) is 134930, which exceeds 15000, where&#x0A;num_cases evaluates to 70,&#x0A;g_results.at(test_tag) evaluates to 135000, and&#x0A;15000 evaluates to 15000.&#x0A;!! CHANGED !!" type=""><![CDATA[/Users/travis/build/jonathanvdc/bachelorproef/src/test/cpp/gtester/BatchRuns.cpp:199
The difference between num_cases and g_results.at(test_tag) is 134930, which exceeds 15000, where
num_cases evaluates to 70,
g_results.at(test_tag) evaluates to 135000, and
15000 evaluates to 15000.
!! CHANGED !!]]></failure>
    </testcase>
  </testsuite>
  <testsuite name="Run_maximum/BatchDemos" tests="3" failures="2" disabled="0" errors="0" time="29.909">
    <testcase name="Run/0" value_param="(&quot;maximum&quot;, 1)" status="run" time="15.716" classname="Run_maximum/BatchDemos" />
    <testcase name="Run/1" value_param="(&quot;maximum&quot;, 4)" status="run" time="7.159" classname="Run_maximum/BatchDemos">
      <failure message="/Users/travis/build/jonathanvdc/bachelorproef/src/test/cpp/gtester/BatchRuns.cpp:199&#x0A;The difference between num_cases and g_results.at(test_tag) is 699930, which exceeds 15000, where&#x0A;num_cases evaluates to 70,&#x0A;g_results.at(test_tag) evaluates to 700000, and&#x0A;15000 evaluates to 15000.&#x0A;!! CHANGED !!" type=""><![CDATA[/Users/travis/build/jonathanvdc/bachelorproef/src/test/cpp/gtester/BatchRuns.cpp:199
The difference between num_cases and g_results.at(test_tag) is 699930, which exceeds 15000, where
num_cases evaluates to 70,
g_results.at(test_tag) evaluates to 700000, and
15000 evaluates to 15000.
!! CHANGED !!]]></failure>
    </testcase>
    <testcase name="Run/2" value_param="(&quot;maximum&quot;, 8)" status="run" time="7.033" classname="Run_maximum/BatchDemos">
      <failure message="/Users/travis/build/jonathanvdc/bachelorproef/src/test/cpp/gtester/BatchRuns.cpp:199&#x0A;The difference between num_cases and g_results.at(test_tag) is 699930, which exceeds 15000, where&#x0A;num_cases evaluates to 70,&#x0A;g_results.at(test_tag) evaluates to 700000, and&#x0A;15000 evaluates to 15000.&#x0A;!! CHANGED !!" type=""><![CDATA[/Users/travis/build/jonathanvdc/bachelorproef/src/test/cpp/gtester/BatchRuns.cpp:199
The difference between num_cases and g_results.at(test_tag) is 699930, which exceeds 15000, where
num_cases evaluates to 70,
g_results.at(test_tag) evaluates to 700000, and
15000 evaluates to 15000.
!! CHANGED !!]]></failure>
    </testcase>
  </testsuite>
</testsuites>
