<?xml version="1.0" encoding="UTF-8"?>
<testsuites tests="38" failures="7" disabled="0" errors="0" timestamp="2017-05-10T13:32:45" time="368.679" name="AllTests">
  <testsuite name="Alias" tests="2" failures="0" disabled="0" errors="0" time="0">
    <testcase name="Alias" status="run" time="0" classname="Alias" />
    <testcase name="Next" status="run" time="0" classname="Alias" />
  </testsuite>
  <testsuite name="GeoPosition" tests="1" failures="0" disabled="0" errors="0" time="0.004">
    <testcase name="SampleCalculation" status="run" time="0.004" classname="GeoPosition" />
  </testsuite>
  <testsuite name="Mpi" tests="1" failures="0" disabled="0" errors="0" time="0.006">
    <testcase name="GetEnvironment" status="run" time="0.006" classname="Mpi" />
  </testsuite>
  <testsuite name="Parallel" tests="6" failures="1" disabled="0" errors="0" time="0.151">
    <testcase name="VectorSerial" status="run" time="0" classname="Parallel" />
    <testcase name="VectorParallel" status="run" time="0.001" classname="Parallel" />
    <testcase name="VectorPseudoParallel" status="run" time="0" classname="Parallel" />
    <testcase name="MapSerial" status="run" time="0.065" classname="Parallel" />
    <testcase name="MapParallel" status="run" time="0.01" classname="Parallel">
      <failure message="/Users/travis/build/jonathanvdc/bachelorproef/src/test/cpp/gtester/ParallelTest.cpp:74&#x0A;Value of: pair.second&#x0A;  Actual: 0&#x0A;Expected: pair.first&#x0A;Which is: 1" type=""><![CDATA[/Users/travis/build/jonathanvdc/bachelorproef/src/test/cpp/gtester/ParallelTest.cpp:74
Value of: pair.second
  Actual: 0
Expected: pair.first
Which is: 1]]></failure>
    </testcase>
    <testcase name="MapPseudoParallel" status="run" time="0.075" classname="Parallel" />
  </testsuite>
  <testsuite name="ParsePopulationModel" tests="2" failures="0" disabled="0" errors="0" time="0.004">
    <testcase name="ParseDefaultPopulationModel" status="run" time="0.004" classname="ParsePopulationModel" />
    <testcase name="ExceptionOnInvalidFile" status="run" time="0" classname="ParsePopulationModel" />
  </testsuite>
  <testsuite name="ParseSimulationConfig" tests="3" failures="0" disabled="0" errors="0" time="0.011">
    <testcase name="ParseDefaultSimulationConfig" status="run" time="0.001" classname="ParseSimulationConfig" />
    <testcase name="ExceptionOnInvalidFile" status="run" time="0" classname="ParseSimulationConfig" />
    <testcase name="ParseTravelSimulationConfig" status="run" time="0.001" classname="ParseSimulationConfig" />
  </testsuite>
  <testsuite name="ParseTravelModel" tests="1" failures="0" disabled="0" errors="0" time="0">
    <testcase name="ParseDefaultTravelModel" status="run" time="0" classname="ParseTravelModel" />
  </testsuite>
  <testsuite name="PopulationGeneration" tests="2" failures="0" disabled="0" errors="0" time="0.673">
    <testcase name="GeneratedPopulationFitsModel" status="run" time="0.208" classname="PopulationGeneration" />
    <testcase name="GeneratedPopulationIsInfectious" status="run" time="0.465" classname="PopulationGeneration" />
  </testsuite>
  <testsuite name="RunSimulator" tests="3" failures="0" disabled="0" errors="0" time="215.855">
    <testcase name="RunSimulatorDefault" status="run" time="34.458" classname="RunSimulator" />
    <testcase name="RunSimulatorMultiregion" status="run" time="49.791" classname="RunSimulator" />
    <testcase name="RunSimulatorTravel" status="run" time="131.606" classname="RunSimulator" />
  </testsuite>
  <testsuite name="TravelModelGraph" tests="1" failures="0" disabled="0" errors="0" time="0.012">
    <testcase name="VerifyBoostGraph" status="run" time="0.012" classname="TravelModelGraph" />
  </testsuite>
  <testsuite name="HTTP" tests="1" failures="0" disabled="0" errors="0" time="2.299">
    <testcase name="ServerPrototype" status="run" time="2.299" classname="HTTP" />
  </testsuite>
  <testsuite name="Run_default/BatchDemos" tests="3" failures="2" disabled="0" errors="0" time="29.868">
    <testcase name="Run/0" value_param="(&quot;default&quot;, 1)" status="run" time="16.369" classname="Run_default/BatchDemos" />
    <testcase name="Run/1" value_param="(&quot;default&quot;, 4)" status="run" time="6.978" classname="Run_default/BatchDemos">
      <failure message="/Users/travis/build/jonathanvdc/bachelorproef/src/test/cpp/gtester/BatchRuns.cpp:199&#x0A;The difference between num_cases and g_results.at(test_tag) is 74930, which exceeds 15000, where&#x0A;num_cases evaluates to 70,&#x0A;g_results.at(test_tag) evaluates to 75000, and&#x0A;15000 evaluates to 15000.&#x0A;!! CHANGED !!" type=""><![CDATA[/Users/travis/build/jonathanvdc/bachelorproef/src/test/cpp/gtester/BatchRuns.cpp:199
The difference between num_cases and g_results.at(test_tag) is 74930, which exceeds 15000, where
num_cases evaluates to 70,
g_results.at(test_tag) evaluates to 75000, and
15000 evaluates to 15000.
!! CHANGED !!]]></failure>
    </testcase>
    <testcase name="Run/2" value_param="(&quot;default&quot;, 8)" status="run" time="6.521" classname="Run_default/BatchDemos">
      <failure message="/Users/travis/build/jonathanvdc/bachelorproef/src/test/cpp/gtester/BatchRuns.cpp:199&#x0A;The difference between num_cases and g_results.at(test_tag) is 74930, which exceeds 15000, where&#x0A;num_cases evaluates to 70,&#x0A;g_results.at(test_tag) evaluates to 75000, and&#x0A;15000 evaluates to 15000.&#x0A;!! CHANGED !!" type=""><![CDATA[/Users/travis/build/jonathanvdc/bachelorproef/src/test/cpp/gtester/BatchRuns.cpp:199
The difference between num_cases and g_results.at(test_tag) is 74930, which exceeds 15000, where
num_cases evaluates to 70,
g_results.at(test_tag) evaluates to 75000, and
15000 evaluates to 15000.
!! CHANGED !!]]></failure>
    </testcase>
  </testsuite>
  <testsuite name="Run_seeding_rate/BatchDemos" tests="3" failures="0" disabled="0" errors="0" time="22.085">
    <testcase name="Run/0" value_param="(&quot;seeding_rate&quot;, 1)" status="run" time="9.049" classname="Run_seeding_rate/BatchDemos" />
    <testcase name="Run/1" value_param="(&quot;seeding_rate&quot;, 4)" status="run" time="6.425" classname="Run_seeding_rate/BatchDemos" />
    <testcase name="Run/2" value_param="(&quot;seeding_rate&quot;, 8)" status="run" time="6.606" classname="Run_seeding_rate/BatchDemos" />
  </testsuite>
  <testsuite name="Run_immunity_rate/BatchDemos" tests="3" failures="0" disabled="0" errors="0" time="42.252">
    <testcase name="Run/0" value_param="(&quot;immunity_rate&quot;, 1)" status="run" time="15.055" classname="Run_immunity_rate/BatchDemos" />
    <testcase name="Run/1" value_param="(&quot;immunity_rate&quot;, 4)" status="run" time="13.345" classname="Run_immunity_rate/BatchDemos" />
    <testcase name="Run/2" value_param="(&quot;immunity_rate&quot;, 8)" status="run" time="13.852" classname="Run_immunity_rate/BatchDemos" />
  </testsuite>
  <testsuite name="Run_measles/BatchDemos" tests="3" failures="2" disabled="0" errors="0" time="26.787">
    <testcase name="Run/0" value_param="(&quot;measles&quot;, 1)" status="run" time="13.08" classname="Run_measles/BatchDemos" />
    <testcase name="Run/1" value_param="(&quot;measles&quot;, 4)" status="run" time="6.942" classname="Run_measles/BatchDemos">
      <failure message="/Users/travis/build/jonathanvdc/bachelorproef/src/test/cpp/gtester/BatchRuns.cpp:199&#x0A;The difference between num_cases and g_results.at(test_tag) is 134930, which exceeds 15000, where&#x0A;num_cases evaluates to 70,&#x0A;g_results.at(test_tag) evaluates to 135000, and&#x0A;15000 evaluates to 15000.&#x0A;!! CHANGED !!" type=""><![CDATA[/Users/travis/build/jonathanvdc/bachelorproef/src/test/cpp/gtester/BatchRuns.cpp:199
The difference between num_cases and g_results.at(test_tag) is 134930, which exceeds 15000, where
num_cases evaluates to 70,
g_results.at(test_tag) evaluates to 135000, and
15000 evaluates to 15000.
!! CHANGED !!]]></failure>
    </testcase>
    <testcase name="Run/2" value_param="(&quot;measles&quot;, 8)" status="run" time="6.765" classname="Run_measles/BatchDemos">
      <failure message="/Users/travis/build/jonathanvdc/bachelorproef/src/test/cpp/gtester/BatchRuns.cpp:199&#x0A;The difference between num_cases and g_results.at(test_tag) is 134930, which exceeds 15000, where&#x0A;num_cases evaluates to 70,&#x0A;g_results.at(test_tag) evaluates to 135000, and&#x0A;15000 evaluates to 15000.&#x0A;!! CHANGED !!" type=""><![CDATA[/Users/travis/build/jonathanvdc/bachelorproef/src/test/cpp/gtester/BatchRuns.cpp:199
The difference between num_cases and g_results.at(test_tag) is 134930, which exceeds 15000, where
num_cases evaluates to 70,
g_results.at(test_tag) evaluates to 135000, and
15000 evaluates to 15000.
!! CHANGED !!]]></failure>
    </testcase>
  </testsuite>
  <testsuite name="Run_maximum/BatchDemos" tests="3" failures="2" disabled="0" errors="0" time="28.672">
    <testcase name="Run/0" value_param="(&quot;maximum&quot;, 1)" status="run" time="14.963" classname="Run_maximum/BatchDemos" />
    <testcase name="Run/1" value_param="(&quot;maximum&quot;, 4)" status="run" time="7.096" classname="Run_maximum/BatchDemos">
      <failure message="/Users/travis/build/jonathanvdc/bachelorproef/src/test/cpp/gtester/BatchRuns.cpp:199&#x0A;The difference between num_cases and g_results.at(test_tag) is 699930, which exceeds 15000, where&#x0A;num_cases evaluates to 70,&#x0A;g_results.at(test_tag) evaluates to 700000, and&#x0A;15000 evaluates to 15000.&#x0A;!! CHANGED !!" type=""><![CDATA[/Users/travis/build/jonathanvdc/bachelorproef/src/test/cpp/gtester/BatchRuns.cpp:199
The difference between num_cases and g_results.at(test_tag) is 699930, which exceeds 15000, where
num_cases evaluates to 70,
g_results.at(test_tag) evaluates to 700000, and
15000 evaluates to 15000.
!! CHANGED !!]]></failure>
    </testcase>
    <testcase name="Run/2" value_param="(&quot;maximum&quot;, 8)" status="run" time="6.613" classname="Run_maximum/BatchDemos">
      <failure message="/Users/travis/build/jonathanvdc/bachelorproef/src/test/cpp/gtester/BatchRuns.cpp:199&#x0A;The difference between num_cases and g_results.at(test_tag) is 699930, which exceeds 15000, where&#x0A;num_cases evaluates to 70,&#x0A;g_results.at(test_tag) evaluates to 700000, and&#x0A;15000 evaluates to 15000.&#x0A;!! CHANGED !!" type=""><![CDATA[/Users/travis/build/jonathanvdc/bachelorproef/src/test/cpp/gtester/BatchRuns.cpp:199
The difference between num_cases and g_results.at(test_tag) is 699930, which exceeds 15000, where
num_cases evaluates to 70,
g_results.at(test_tag) evaluates to 700000, and
15000 evaluates to 15000.
!! CHANGED !!]]></failure>
    </testcase>
  </testsuite>
</testsuites>
