<?xml version="1.0" encoding="UTF-8"?>
<testsuites tests="38" failures="0" disabled="0" errors="0" timestamp="2017-05-10T13:20:55" time="382.752" name="AllTests">
  <testsuite name="Alias" tests="2" failures="0" disabled="0" errors="0" time="0">
    <testcase name="Alias" status="run" time="0" classname="Alias" />
    <testcase name="Next" status="run" time="0" classname="Alias" />
  </testsuite>
  <testsuite name="GeoPosition" tests="1" failures="0" disabled="0" errors="0" time="0">
    <testcase name="SampleCalculation" status="run" time="0" classname="GeoPosition" />
  </testsuite>
  <testsuite name="Mpi" tests="1" failures="0" disabled="0" errors="0" time="0.002">
    <testcase name="GetEnvironment" status="run" time="0.002" classname="Mpi" />
  </testsuite>
  <testsuite name="Parallel" tests="6" failures="0" disabled="0" errors="0" time="0.017">
    <testcase name="VectorSerial" status="run" time="0" classname="Parallel" />
    <testcase name="VectorParallel" status="run" time="0.008" classname="Parallel" />
    <testcase name="VectorPseudoParallel" status="run" time="0" classname="Parallel" />
    <testcase name="MapSerial" status="run" time="0.001" classname="Parallel" />
    <testcase name="MapParallel" status="run" time="0.003" classname="Parallel" />
    <testcase name="MapPseudoParallel" status="run" time="0.005" classname="Parallel" />
  </testsuite>
  <testsuite name="ParsePopulationModel" tests="2" failures="0" disabled="0" errors="0" time="0.004">
    <testcase name="ParseDefaultPopulationModel" status="run" time="0.004" classname="ParsePopulationModel" />
    <testcase name="ExceptionOnInvalidFile" status="run" time="0" classname="ParsePopulationModel" />
  </testsuite>
  <testsuite name="ParseSimulationConfig" tests="3" failures="0" disabled="0" errors="0" time="0.001">
    <testcase name="ParseDefaultSimulationConfig" status="run" time="0.001" classname="ParseSimulationConfig" />
    <testcase name="ExceptionOnInvalidFile" status="run" time="0" classname="ParseSimulationConfig" />
    <testcase name="ParseTravelSimulationConfig" status="run" time="0" classname="ParseSimulationConfig" />
  </testsuite>
  <testsuite name="ParseTravelModel" tests="1" failures="0" disabled="0" errors="0" time="0.001">
    <testcase name="ParseDefaultTravelModel" status="run" time="0" classname="ParseTravelModel" />
  </testsuite>
  <testsuite name="PopulationGeneration" tests="2" failures="0" disabled="0" errors="0" time="0.503">
    <testcase name="GeneratedPopulationFitsModel" status="run" time="0.19" classname="PopulationGeneration" />
    <testcase name="GeneratedPopulationIsInfectious" status="run" time="0.313" classname="PopulationGeneration" />
  </testsuite>
  <testsuite name="RunSimulator" tests="3" failures="0" disabled="0" errors="0" time="198.714">
    <testcase name="RunSimulatorDefault" status="run" time="31.815" classname="RunSimulator" />
    <testcase name="RunSimulatorMultiregion" status="run" time="47.601" classname="RunSimulator" />
    <testcase name="RunSimulatorTravel" status="run" time="119.295" classname="RunSimulator" />
  </testsuite>
  <testsuite name="TravelModelGraph" tests="1" failures="0" disabled="0" errors="0" time="0.023">
    <testcase name="VerifyBoostGraph" status="run" time="0.023" classname="TravelModelGraph" />
  </testsuite>
  <testsuite name="HTTP" tests="1" failures="0" disabled="0" errors="0" time="2.002">
    <testcase name="ServerPrototype" status="run" time="2.002" classname="HTTP" />
  </testsuite>
  <testsuite name="Run_default/BatchDemos" tests="3" failures="0" disabled="0" errors="0" time="45.24">
    <testcase name="Run/0" value_param="(&quot;default&quot;, 1)" status="run" time="14.458" classname="Run_default/BatchDemos" />
    <testcase name="Run/1" value_param="(&quot;default&quot;, 4)" status="run" time="15.101" classname="Run_default/BatchDemos" />
    <testcase name="Run/2" value_param="(&quot;default&quot;, 8)" status="run" time="15.68" classname="Run_default/BatchDemos" />
  </testsuite>
  <testsuite name="Run_seeding_rate/BatchDemos" tests="3" failures="0" disabled="0" errors="0" time="25.568">
    <testcase name="Run/0" value_param="(&quot;seeding_rate&quot;, 1)" status="run" time="8.884" classname="Run_seeding_rate/BatchDemos" />
    <testcase name="Run/1" value_param="(&quot;seeding_rate&quot;, 4)" status="run" time="8.345" classname="Run_seeding_rate/BatchDemos" />
    <testcase name="Run/2" value_param="(&quot;seeding_rate&quot;, 8)" status="run" time="8.339" classname="Run_seeding_rate/BatchDemos" />
  </testsuite>
  <testsuite name="Run_immunity_rate/BatchDemos" tests="3" failures="0" disabled="0" errors="0" time="33.973">
    <testcase name="Run/0" value_param="(&quot;immunity_rate&quot;, 1)" status="run" time="11.82" classname="Run_immunity_rate/BatchDemos" />
    <testcase name="Run/1" value_param="(&quot;immunity_rate&quot;, 4)" status="run" time="11.156" classname="Run_immunity_rate/BatchDemos" />
    <testcase name="Run/2" value_param="(&quot;immunity_rate&quot;, 8)" status="run" time="10.997" classname="Run_immunity_rate/BatchDemos" />
  </testsuite>
  <testsuite name="Run_measles/BatchDemos" tests="3" failures="0" disabled="0" errors="0" time="33.821">
    <testcase name="Run/0" value_param="(&quot;measles&quot;, 1)" status="run" time="11.381" classname="Run_measles/BatchDemos" />
    <testcase name="Run/1" value_param="(&quot;measles&quot;, 4)" status="run" time="11.354" classname="Run_measles/BatchDemos" />
    <testcase name="Run/2" value_param="(&quot;measles&quot;, 8)" status="run" time="11.086" classname="Run_measles/BatchDemos" />
  </testsuite>
  <testsuite name="Run_maximum/BatchDemos" tests="3" failures="0" disabled="0" errors="0" time="42.878">
    <testcase name="Run/0" value_param="(&quot;maximum&quot;, 1)" status="run" time="14.819" classname="Run_maximum/BatchDemos" />
    <testcase name="Run/1" value_param="(&quot;maximum&quot;, 4)" status="run" time="14.058" classname="Run_maximum/BatchDemos" />
    <testcase name="Run/2" value_param="(&quot;maximum&quot;, 8)" status="run" time="14.001" classname="Run_maximum/BatchDemos" />
  </testsuite>
</testsuites>
