<?xml version="1.0" encoding="UTF-8"?>
<testsuites tests="38" failures="0" disabled="0" errors="0" timestamp="2017-05-11T11:39:58" time="452.205" name="AllTests">
  <testsuite name="Alias" tests="2" failures="0" disabled="0" errors="0" time="0">
    <testcase name="Alias" status="run" time="0" classname="Alias" />
    <testcase name="Next" status="run" time="0" classname="Alias" />
  </testsuite>
  <testsuite name="GeoPosition" tests="1" failures="0" disabled="0" errors="0" time="0.002">
    <testcase name="SampleCalculation" status="run" time="0.002" classname="GeoPosition" />
  </testsuite>
  <testsuite name="Mpi" tests="1" failures="0" disabled="0" errors="0" time="0.005">
    <testcase name="GetEnvironment" status="run" time="0.005" classname="Mpi" />
  </testsuite>
  <testsuite name="Parallel" tests="6" failures="0" disabled="0" errors="0" time="0.01">
    <testcase name="VectorSerial" status="run" time="0" classname="Parallel" />
    <testcase name="VectorParallel" status="run" time="0.004" classname="Parallel" />
    <testcase name="VectorPseudoParallel" status="run" time="0" classname="Parallel" />
    <testcase name="MapSerial" status="run" time="0" classname="Parallel" />
    <testcase name="MapParallel" status="run" time="0.005" classname="Parallel" />
    <testcase name="MapPseudoParallel" status="run" time="0.001" classname="Parallel" />
  </testsuite>
  <testsuite name="ParsePopulationModel" tests="2" failures="0" disabled="0" errors="0" time="0">
    <testcase name="ParseDefaultPopulationModel" status="run" time="0" classname="ParsePopulationModel" />
    <testcase name="ExceptionOnInvalidFile" status="run" time="0" classname="ParsePopulationModel" />
  </testsuite>
  <testsuite name="ParseSimulationConfig" tests="3" failures="0" disabled="0" errors="0" time="0.001">
    <testcase name="ParseDefaultSimulationConfig" status="run" time="0" classname="ParseSimulationConfig" />
    <testcase name="ExceptionOnInvalidFile" status="run" time="0" classname="ParseSimulationConfig" />
    <testcase name="ParseTravelSimulationConfig" status="run" time="0" classname="ParseSimulationConfig" />
  </testsuite>
  <testsuite name="ParseTravelModel" tests="1" failures="0" disabled="0" errors="0" time="0">
    <testcase name="ParseDefaultTravelModel" status="run" time="0" classname="ParseTravelModel" />
  </testsuite>
  <testsuite name="PopulationGeneration" tests="2" failures="0" disabled="0" errors="0" time="0.651">
    <testcase name="GeneratedPopulationFitsModel" status="run" time="0.171" classname="PopulationGeneration" />
    <testcase name="GeneratedPopulationIsInfectious" status="run" time="0.48" classname="PopulationGeneration" />
  </testsuite>
  <testsuite name="RunSimulator" tests="3" failures="0" disabled="0" errors="0" time="247.435">
    <testcase name="RunSimulatorDefault" status="run" time="39.767" classname="RunSimulator" />
    <testcase name="RunSimulatorMultiregion" status="run" time="63.53" classname="RunSimulator" />
    <testcase name="RunSimulatorTravel" status="run" time="144.138" classname="RunSimulator" />
  </testsuite>
  <testsuite name="TravelModelGraph" tests="1" failures="0" disabled="0" errors="0" time="0.001">
    <testcase name="VerifyBoostGraph" status="run" time="0.001" classname="TravelModelGraph" />
  </testsuite>
  <testsuite name="HTTP" tests="1" failures="0" disabled="0" errors="0" time="2.275">
    <testcase name="ServerPrototype" status="run" time="2.275" classname="HTTP" />
  </testsuite>
  <testsuite name="Run_default/BatchDemos" tests="3" failures="0" disabled="0" errors="0" time="45.183">
    <testcase name="Run/0" value_param="(&quot;default&quot;, 1)" status="run" time="16.292" classname="Run_default/BatchDemos" />
    <testcase name="Run/1" value_param="(&quot;default&quot;, 4)" status="run" time="15.825" classname="Run_default/BatchDemos" />
    <testcase name="Run/2" value_param="(&quot;default&quot;, 8)" status="run" time="13.066" classname="Run_default/BatchDemos" />
  </testsuite>
  <testsuite name="Run_seeding_rate/BatchDemos" tests="3" failures="0" disabled="0" errors="0" time="26.731">
    <testcase name="Run/0" value_param="(&quot;seeding_rate&quot;, 1)" status="run" time="10.039" classname="Run_seeding_rate/BatchDemos" />
    <testcase name="Run/1" value_param="(&quot;seeding_rate&quot;, 4)" status="run" time="8.384" classname="Run_seeding_rate/BatchDemos" />
    <testcase name="Run/2" value_param="(&quot;seeding_rate&quot;, 8)" status="run" time="8.306" classname="Run_seeding_rate/BatchDemos" />
  </testsuite>
  <testsuite name="Run_immunity_rate/BatchDemos" tests="3" failures="0" disabled="0" errors="0" time="48.801">
    <testcase name="Run/0" value_param="(&quot;immunity_rate&quot;, 1)" status="run" time="16.62" classname="Run_immunity_rate/BatchDemos" />
    <testcase name="Run/1" value_param="(&quot;immunity_rate&quot;, 4)" status="run" time="16.144" classname="Run_immunity_rate/BatchDemos" />
    <testcase name="Run/2" value_param="(&quot;immunity_rate&quot;, 8)" status="run" time="16.036" classname="Run_immunity_rate/BatchDemos" />
  </testsuite>
  <testsuite name="Run_measles/BatchDemos" tests="3" failures="0" disabled="0" errors="0" time="38.489">
    <testcase name="Run/0" value_param="(&quot;measles&quot;, 1)" status="run" time="14.325" classname="Run_measles/BatchDemos" />
    <testcase name="Run/1" value_param="(&quot;measles&quot;, 4)" status="run" time="12.48" classname="Run_measles/BatchDemos" />
    <testcase name="Run/2" value_param="(&quot;measles&quot;, 8)" status="run" time="11.683" classname="Run_measles/BatchDemos" />
  </testsuite>
  <testsuite name="Run_maximum/BatchDemos" tests="3" failures="0" disabled="0" errors="0" time="42.617">
    <testcase name="Run/0" value_param="(&quot;maximum&quot;, 1)" status="run" time="16.606" classname="Run_maximum/BatchDemos" />
    <testcase name="Run/1" value_param="(&quot;maximum&quot;, 4)" status="run" time="13.848" classname="Run_maximum/BatchDemos" />
    <testcase name="Run/2" value_param="(&quot;maximum&quot;, 8)" status="run" time="12.163" classname="Run_maximum/BatchDemos" />
  </testsuite>
</testsuites>
