<?xml version="1.0" encoding="UTF-8"?>
<testsuites tests="38" failures="7" disabled="0" errors="0" timestamp="2017-05-10T12:59:19" time="358.241" name="AllTests">
  <testsuite name="Alias" tests="2" failures="0" disabled="0" errors="0" time="0">
    <testcase name="Alias" status="run" time="0" classname="Alias" />
    <testcase name="Next" status="run" time="0" classname="Alias" />
  </testsuite>
  <testsuite name="GeoPosition" tests="1" failures="0" disabled="0" errors="0" time="0.003">
    <testcase name="SampleCalculation" status="run" time="0.003" classname="GeoPosition" />
  </testsuite>
  <testsuite name="Mpi" tests="1" failures="0" disabled="0" errors="0" time="0.004">
    <testcase name="GetEnvironment" status="run" time="0.004" classname="Mpi" />
  </testsuite>
  <testsuite name="Parallel" tests="6" failures="1" disabled="0" errors="0" time="0.143">
    <testcase name="VectorSerial" status="run" time="0" classname="Parallel" />
    <testcase name="VectorParallel" status="run" time="0.002" classname="Parallel" />
    <testcase name="VectorPseudoParallel" status="run" time="0" classname="Parallel" />
    <testcase name="MapSerial" status="run" time="0.065" classname="Parallel" />
    <testcase name="MapParallel" status="run" time="0.001" classname="Parallel">
      <failure message="/Users/travis/build/jonathanvdc/bachelorproef/src/test/cpp/gtester/ParallelTest.cpp:74&#x0A;Value of: pair.second&#x0A;  Actual: 0&#x0A;Expected: pair.first&#x0A;Which is: 1" type=""><![CDATA[/Users/travis/build/jonathanvdc/bachelorproef/src/test/cpp/gtester/ParallelTest.cpp:74
Value of: pair.second
  Actual: 0
Expected: pair.first
Which is: 1]]></failure>
    </testcase>
    <testcase name="MapPseudoParallel" status="run" time="0.075" classname="Parallel" />
  </testsuite>
  <testsuite name="ParsePopulationModel" tests="2" failures="0" disabled="0" errors="0" time="0.001">
    <testcase name="ParseDefaultPopulationModel" status="run" time="0" classname="ParsePopulationModel" />
    <testcase name="ExceptionOnInvalidFile" status="run" time="0.001" classname="ParsePopulationModel" />
  </testsuite>
  <testsuite name="ParseSimulationConfig" tests="3" failures="0" disabled="0" errors="0" time="0.001">
    <testcase name="ParseDefaultSimulationConfig" status="run" time="0.001" classname="ParseSimulationConfig" />
    <testcase name="ExceptionOnInvalidFile" status="run" time="0" classname="ParseSimulationConfig" />
    <testcase name="ParseTravelSimulationConfig" status="run" time="0" classname="ParseSimulationConfig" />
  </testsuite>
  <testsuite name="ParseTravelModel" tests="1" failures="0" disabled="0" errors="0" time="0">
    <testcase name="ParseDefaultTravelModel" status="run" time="0" classname="ParseTravelModel" />
  </testsuite>
  <testsuite name="PopulationGeneration" tests="2" failures="0" disabled="0" errors="0" time="0.599">
    <testcase name="GeneratedPopulationFitsModel" status="run" time="0.158" classname="PopulationGeneration" />
    <testcase name="GeneratedPopulationIsInfectious" status="run" time="0.441" classname="PopulationGeneration" />
  </testsuite>
  <testsuite name="RunSimulator" tests="3" failures="0" disabled="0" errors="0" time="206.152">
    <testcase name="RunSimulatorDefault" status="run" time="31.76" classname="RunSimulator" />
    <testcase name="RunSimulatorMultiregion" status="run" time="47.727" classname="RunSimulator" />
    <testcase name="RunSimulatorTravel" status="run" time="126.664" classname="RunSimulator" />
  </testsuite>
  <testsuite name="TravelModelGraph" tests="1" failures="0" disabled="0" errors="0" time="0.042">
    <testcase name="VerifyBoostGraph" status="run" time="0.042" classname="TravelModelGraph" />
  </testsuite>
  <testsuite name="HTTP" tests="1" failures="0" disabled="0" errors="0" time="2.198">
    <testcase name="ServerPrototype" status="run" time="2.198" classname="HTTP" />
  </testsuite>
  <testsuite name="Run_default/BatchDemos" tests="3" failures="2" disabled="0" errors="0" time="29.323">
    <testcase name="Run/0" value_param="(&quot;default&quot;, 1)" status="run" time="15.375" classname="Run_default/BatchDemos" />
    <testcase name="Run/1" value_param="(&quot;default&quot;, 4)" status="run" time="6.984" classname="Run_default/BatchDemos">
      <failure message="/Users/travis/build/jonathanvdc/bachelorproef/src/test/cpp/gtester/BatchRuns.cpp:199&#x0A;The difference between num_cases and g_results.at(test_tag) is 74930, which exceeds 15000, where&#x0A;num_cases evaluates to 70,&#x0A;g_results.at(test_tag) evaluates to 75000, and&#x0A;15000 evaluates to 15000.&#x0A;!! CHANGED !!" type=""><![CDATA[/Users/travis/build/jonathanvdc/bachelorproef/src/test/cpp/gtester/BatchRuns.cpp:199
The difference between num_cases and g_results.at(test_tag) is 74930, which exceeds 15000, where
num_cases evaluates to 70,
g_results.at(test_tag) evaluates to 75000, and
15000 evaluates to 15000.
!! CHANGED !!]]></failure>
    </testcase>
    <testcase name="Run/2" value_param="(&quot;default&quot;, 8)" status="run" time="6.964" classname="Run_default/BatchDemos">
      <failure message="/Users/travis/build/jonathanvdc/bachelorproef/src/test/cpp/gtester/BatchRuns.cpp:199&#x0A;The difference between num_cases and g_results.at(test_tag) is 74930, which exceeds 15000, where&#x0A;num_cases evaluates to 70,&#x0A;g_results.at(test_tag) evaluates to 75000, and&#x0A;15000 evaluates to 15000.&#x0A;!! CHANGED !!" type=""><![CDATA[/Users/travis/build/jonathanvdc/bachelorproef/src/test/cpp/gtester/BatchRuns.cpp:199
The difference between num_cases and g_results.at(test_tag) is 74930, which exceeds 15000, where
num_cases evaluates to 70,
g_results.at(test_tag) evaluates to 75000, and
15000 evaluates to 15000.
!! CHANGED !!]]></failure>
    </testcase>
  </testsuite>
  <testsuite name="Run_seeding_rate/BatchDemos" tests="3" failures="0" disabled="0" errors="0" time="22.5">
    <testcase name="Run/0" value_param="(&quot;seeding_rate&quot;, 1)" status="run" time="9.281" classname="Run_seeding_rate/BatchDemos" />
    <testcase name="Run/1" value_param="(&quot;seeding_rate&quot;, 4)" status="run" time="6.578" classname="Run_seeding_rate/BatchDemos" />
    <testcase name="Run/2" value_param="(&quot;seeding_rate&quot;, 8)" status="run" time="6.639" classname="Run_seeding_rate/BatchDemos" />
  </testsuite>
  <testsuite name="Run_immunity_rate/BatchDemos" tests="3" failures="0" disabled="0" errors="0" time="41.247">
    <testcase name="Run/0" value_param="(&quot;immunity_rate&quot;, 1)" status="run" time="14.834" classname="Run_immunity_rate/BatchDemos" />
    <testcase name="Run/1" value_param="(&quot;immunity_rate&quot;, 4)" status="run" time="13.076" classname="Run_immunity_rate/BatchDemos" />
    <testcase name="Run/2" value_param="(&quot;immunity_rate&quot;, 8)" status="run" time="13.333" classname="Run_immunity_rate/BatchDemos" />
  </testsuite>
  <testsuite name="Run_measles/BatchDemos" tests="3" failures="2" disabled="0" errors="0" time="26.703">
    <testcase name="Run/0" value_param="(&quot;measles&quot;, 1)" status="run" time="12.372" classname="Run_measles/BatchDemos" />
    <testcase name="Run/1" value_param="(&quot;measles&quot;, 4)" status="run" time="7.036" classname="Run_measles/BatchDemos">
      <failure message="/Users/travis/build/jonathanvdc/bachelorproef/src/test/cpp/gtester/BatchRuns.cpp:199&#x0A;The difference between num_cases and g_results.at(test_tag) is 134930, which exceeds 15000, where&#x0A;num_cases evaluates to 70,&#x0A;g_results.at(test_tag) evaluates to 135000, and&#x0A;15000 evaluates to 15000.&#x0A;!! CHANGED !!" type=""><![CDATA[/Users/travis/build/jonathanvdc/bachelorproef/src/test/cpp/gtester/BatchRuns.cpp:199
The difference between num_cases and g_results.at(test_tag) is 134930, which exceeds 15000, where
num_cases evaluates to 70,
g_results.at(test_tag) evaluates to 135000, and
15000 evaluates to 15000.
!! CHANGED !!]]></failure>
    </testcase>
    <testcase name="Run/2" value_param="(&quot;measles&quot;, 8)" status="run" time="7.294" classname="Run_measles/BatchDemos">
      <failure message="/Users/travis/build/jonathanvdc/bachelorproef/src/test/cpp/gtester/BatchRuns.cpp:199&#x0A;The difference between num_cases and g_results.at(test_tag) is 134930, which exceeds 15000, where&#x0A;num_cases evaluates to 70,&#x0A;g_results.at(test_tag) evaluates to 135000, and&#x0A;15000 evaluates to 15000.&#x0A;!! CHANGED !!" type=""><![CDATA[/Users/travis/build/jonathanvdc/bachelorproef/src/test/cpp/gtester/BatchRuns.cpp:199
The difference between num_cases and g_results.at(test_tag) is 134930, which exceeds 15000, where
num_cases evaluates to 70,
g_results.at(test_tag) evaluates to 135000, and
15000 evaluates to 15000.
!! CHANGED !!]]></failure>
    </testcase>
  </testsuite>
  <testsuite name="Run_maximum/BatchDemos" tests="3" failures="2" disabled="0" errors="0" time="29.315">
    <testcase name="Run/0" value_param="(&quot;maximum&quot;, 1)" status="run" time="15.463" classname="Run_maximum/BatchDemos" />
    <testcase name="Run/1" value_param="(&quot;maximum&quot;, 4)" status="run" time="6.925" classname="Run_maximum/BatchDemos">
      <failure message="/Users/travis/build/jonathanvdc/bachelorproef/src/test/cpp/gtester/BatchRuns.cpp:199&#x0A;The difference between num_cases and g_results.at(test_tag) is 699930, which exceeds 15000, where&#x0A;num_cases evaluates to 70,&#x0A;g_results.at(test_tag) evaluates to 700000, and&#x0A;15000 evaluates to 15000.&#x0A;!! CHANGED !!" type=""><![CDATA[/Users/travis/build/jonathanvdc/bachelorproef/src/test/cpp/gtester/BatchRuns.cpp:199
The difference between num_cases and g_results.at(test_tag) is 699930, which exceeds 15000, where
num_cases evaluates to 70,
g_results.at(test_tag) evaluates to 700000, and
15000 evaluates to 15000.
!! CHANGED !!]]></failure>
    </testcase>
    <testcase name="Run/2" value_param="(&quot;maximum&quot;, 8)" status="run" time="6.926" classname="Run_maximum/BatchDemos">
      <failure message="/Users/travis/build/jonathanvdc/bachelorproef/src/test/cpp/gtester/BatchRuns.cpp:199&#x0A;The difference between num_cases and g_results.at(test_tag) is 699930, which exceeds 15000, where&#x0A;num_cases evaluates to 70,&#x0A;g_results.at(test_tag) evaluates to 700000, and&#x0A;15000 evaluates to 15000.&#x0A;!! CHANGED !!" type=""><![CDATA[/Users/travis/build/jonathanvdc/bachelorproef/src/test/cpp/gtester/BatchRuns.cpp:199
The difference between num_cases and g_results.at(test_tag) is 699930, which exceeds 15000, where
num_cases evaluates to 70,
g_results.at(test_tag) evaluates to 700000, and
15000 evaluates to 15000.
!! CHANGED !!]]></failure>
    </testcase>
  </testsuite>
</testsuites>
