<?xml version="1.0" encoding="UTF-8"?>
<testsuites tests="31" failures="1" disabled="0" errors="0" timestamp="2017-05-09T10:43:05" time="207.776" name="AllTests">
  <testsuite name="Alias" tests="2" failures="0" disabled="0" errors="0" time="0">
    <testcase name="Alias" status="run" time="0" classname="Alias" />
    <testcase name="Next" status="run" time="0" classname="Alias" />
  </testsuite>
  <testsuite name="GeoPosition" tests="1" failures="0" disabled="0" errors="0" time="0">
    <testcase name="SampleCalculation" status="run" time="0" classname="GeoPosition" />
  </testsuite>
  <testsuite name="Mpi" tests="1" failures="0" disabled="0" errors="0" time="0.002">
    <testcase name="GetEnvironment" status="run" time="0.002" classname="Mpi" />
  </testsuite>
  <testsuite name="ParsePopulationModel" tests="2" failures="0" disabled="0" errors="0" time="0">
    <testcase name="ParseDefaultPopulationModel" status="run" time="0" classname="ParsePopulationModel" />
    <testcase name="ExceptionOnInvalidFile" status="run" time="0" classname="ParsePopulationModel" />
  </testsuite>
  <testsuite name="ParseSimulationConfig" tests="3" failures="0" disabled="0" errors="0" time="0.001">
    <testcase name="ParseDefaultSimulationConfig" status="run" time="0.001" classname="ParseSimulationConfig" />
    <testcase name="ExceptionOnInvalidFile" status="run" time="0" classname="ParseSimulationConfig" />
    <testcase name="ParseTravelSimulationConfig" status="run" time="0" classname="ParseSimulationConfig" />
  </testsuite>
  <testsuite name="ParseTravelModel" tests="1" failures="0" disabled="0" errors="0" time="0">
    <testcase name="ParseDefaultTravelModel" status="run" time="0" classname="ParseTravelModel" />
  </testsuite>
  <testsuite name="PopulationGeneration" tests="2" failures="0" disabled="0" errors="0" time="0.398">
    <testcase name="GeneratedPopulationFitsModel" status="run" time="0.118" classname="PopulationGeneration" />
    <testcase name="GeneratedPopulationIsInfectious" status="run" time="0.28" classname="PopulationGeneration" />
  </testsuite>
  <testsuite name="RunSimulator" tests="2" failures="0" disabled="0" errors="0" time="59.515">
    <testcase name="RunSimulatorDefault" status="run" time="23.352" classname="RunSimulator" />
    <testcase name="RunSimulatorMultiregion" status="run" time="36.163" classname="RunSimulator" />
  </testsuite>
  <testsuite name="TravelModelGraph" tests="1" failures="0" disabled="0" errors="0" time="0">
    <testcase name="VerifyBoostGraph" status="run" time="0" classname="TravelModelGraph" />
  </testsuite>
  <testsuite name="HTTP" tests="1" failures="0" disabled="0" errors="0" time="2.002">
    <testcase name="ServerPrototype" status="run" time="2.002" classname="HTTP" />
  </testsuite>
  <testsuite name="Run_default/BatchDemos" tests="3" failures="1" disabled="0" errors="0" time="41.14">
    <testcase name="Run/0" value_param="(&quot;default&quot;, 1)" status="run" time="12.447" classname="Run_default/BatchDemos" />
    <testcase name="Run/1" value_param="(&quot;default&quot;, 4)" status="run" time="13.445" classname="Run_default/BatchDemos" />
    <testcase name="Run/2" value_param="(&quot;default&quot;, 8)" status="run" time="15.248" classname="Run_default/BatchDemos">
      <failure message="/home/travis/build/jonathanvdc/bachelorproef/src/test/cpp/gtester/BatchRuns.cpp:199&#x0A;The difference between num_cases and g_results.at(test_tag) is 18837, which exceeds 15000, where&#x0A;num_cases evaluates to 93837,&#x0A;g_results.at(test_tag) evaluates to 75000, and&#x0A;15000 evaluates to 15000.&#x0A;!! CHANGED !!" type=""><![CDATA[/home/travis/build/jonathanvdc/bachelorproef/src/test/cpp/gtester/BatchRuns.cpp:199
The difference between num_cases and g_results.at(test_tag) is 18837, which exceeds 15000, where
num_cases evaluates to 93837,
g_results.at(test_tag) evaluates to 75000, and
15000 evaluates to 15000.
!! CHANGED !!]]></failure>
    </testcase>
  </testsuite>
  <testsuite name="Run_seeding_rate/BatchDemos" tests="3" failures="0" disabled="0" errors="0" time="18.221">
    <testcase name="Run/0" value_param="(&quot;seeding_rate&quot;, 1)" status="run" time="6.141" classname="Run_seeding_rate/BatchDemos" />
    <testcase name="Run/1" value_param="(&quot;seeding_rate&quot;, 4)" status="run" time="5.939" classname="Run_seeding_rate/BatchDemos" />
    <testcase name="Run/2" value_param="(&quot;seeding_rate&quot;, 8)" status="run" time="6.141" classname="Run_seeding_rate/BatchDemos" />
  </testsuite>
  <testsuite name="Run_immunity_rate/BatchDemos" tests="3" failures="0" disabled="0" errors="0" time="23.725">
    <testcase name="Run/0" value_param="(&quot;immunity_rate&quot;, 1)" status="run" time="7.941" classname="Run_immunity_rate/BatchDemos" />
    <testcase name="Run/1" value_param="(&quot;immunity_rate&quot;, 4)" status="run" time="7.843" classname="Run_immunity_rate/BatchDemos" />
    <testcase name="Run/2" value_param="(&quot;immunity_rate&quot;, 8)" status="run" time="7.941" classname="Run_immunity_rate/BatchDemos" />
  </testsuite>
  <testsuite name="Run_measles/BatchDemos" tests="3" failures="0" disabled="0" errors="0" time="27.536">
    <testcase name="Run/0" value_param="(&quot;measles&quot;, 1)" status="run" time="9.344" classname="Run_measles/BatchDemos" />
    <testcase name="Run/1" value_param="(&quot;measles&quot;, 4)" status="run" time="9.043" classname="Run_measles/BatchDemos" />
    <testcase name="Run/2" value_param="(&quot;measles&quot;, 8)" status="run" time="9.143" classname="Run_measles/BatchDemos" />
  </testsuite>
  <testsuite name="Run_maximum/BatchDemos" tests="3" failures="0" disabled="0" errors="0" time="35.236">
    <testcase name="Run/0" value_param="(&quot;maximum&quot;, 1)" status="run" time="11.946" classname="Run_maximum/BatchDemos" />
    <testcase name="Run/1" value_param="(&quot;maximum&quot;, 4)" status="run" time="11.544" classname="Run_maximum/BatchDemos" />
    <testcase name="Run/2" value_param="(&quot;maximum&quot;, 8)" status="run" time="11.746" classname="Run_maximum/BatchDemos" />
  </testsuite>
</testsuites>
