<?xml version="1.0" encoding="UTF-8"?>
<testsuites tests="18" failures="0" disabled="0" errors="0" timestamp="2017-04-28T15:08:28" time="304.368" name="AllTests">
  <testsuite name="ParsePopulationModel" tests="2" failures="0" disabled="0" errors="0" time="0">
    <testcase name="ParseDefaultPopulationModel" status="run" time="0" classname="ParsePopulationModel" />
    <testcase name="ExceptionOnInvalidFile" status="run" time="0" classname="ParsePopulationModel" />
  </testsuite>
  <testsuite name="Alias" tests="2" failures="0" disabled="0" errors="0" time="0">
    <testcase name="Alias" status="run" time="0" classname="Alias" />
    <testcase name="Next" status="run" time="0" classname="Alias" />
  </testsuite>
  <testsuite name="ParseSimulationConfig" tests="3" failures="0" disabled="0" errors="0" time="0.001">
    <testcase name="ParseDefaultSimulationConfig" status="run" time="0" classname="ParseSimulationConfig" />
    <testcase name="ExceptionOnInvalidFile" status="run" time="0" classname="ParseSimulationConfig" />
    <testcase name="ParseTravelSimulationConfig" status="run" time="0.001" classname="ParseSimulationConfig" />
  </testsuite>
  <testsuite name="ParseTravelModel" tests="1" failures="0" disabled="0" errors="0" time="0">
    <testcase name="ParseDefaultTravelModel" status="run" time="0" classname="ParseTravelModel" />
  </testsuite>
  <testsuite name="Mpi" tests="1" failures="0" disabled="0" errors="0" time="0.001">
    <testcase name="GetEnvironment" status="run" time="0.001" classname="Mpi" />
  </testsuite>
  <testsuite name="RunSimulator" tests="3" failures="0" disabled="0" errors="0" time="233.336">
    <testcase name="RunSimulatorDefault" status="run" time="41.415" classname="RunSimulator" />
    <testcase name="RunSimulatorMultiregion" status="run" time="56.075" classname="RunSimulator" />
    <testcase name="RunSimulatorTravel" status="run" time="135.843" classname="RunSimulator" />
  </testsuite>
  <testsuite name="HTTP" tests="1" failures="0" disabled="0" errors="0" time="2.002">
    <testcase name="ServerPrototype" status="run" time="2.002" classname="HTTP" />
  </testsuite>
  <testsuite name="Run_default/BatchDemos" tests="1" failures="0" disabled="0" errors="0" time="18.495">
    <testcase name="Run/0" value_param="(&quot;default&quot;, 1)" status="run" time="18.495" classname="Run_default/BatchDemos" />
  </testsuite>
  <testsuite name="Run_seeding_rate/BatchDemos" tests="1" failures="0" disabled="0" errors="0" time="8.076">
    <testcase name="Run/0" value_param="(&quot;seeding_rate&quot;, 1)" status="run" time="8.076" classname="Run_seeding_rate/BatchDemos" />
  </testsuite>
  <testsuite name="Run_immunity_rate/BatchDemos" tests="1" failures="0" disabled="0" errors="0" time="11.781">
    <testcase name="Run/0" value_param="(&quot;immunity_rate&quot;, 1)" status="run" time="11.781" classname="Run_immunity_rate/BatchDemos" />
  </testsuite>
  <testsuite name="Run_measles/BatchDemos" tests="1" failures="0" disabled="0" errors="0" time="13.385">
    <testcase name="Run/0" value_param="(&quot;measles&quot;, 1)" status="run" time="13.385" classname="Run_measles/BatchDemos" />
  </testsuite>
  <testsuite name="Run_maximum/BatchDemos" tests="1" failures="0" disabled="0" errors="0" time="17.288">
    <testcase name="Run/0" value_param="(&quot;maximum&quot;, 1)" status="run" time="17.288" classname="Run_maximum/BatchDemos" />
  </testsuite>
</testsuites>
