<?xml version="1.0" encoding="UTF-8"?>
<testsuites tests="19" failures="0" disabled="0" errors="0" timestamp="2017-05-01T15:49:39" time="271.747" name="AllTests">
  <testsuite name="ParsePopulationModel" tests="2" failures="0" disabled="0" errors="0" time="0">
    <testcase name="ParseDefaultPopulationModel" status="run" time="0" classname="ParsePopulationModel" />
    <testcase name="ExceptionOnInvalidFile" status="run" time="0" classname="ParsePopulationModel" />
  </testsuite>
  <testsuite name="Alias" tests="2" failures="0" disabled="0" errors="0" time="0">
    <testcase name="Alias" status="run" time="0" classname="Alias" />
    <testcase name="Next" status="run" time="0" classname="Alias" />
  </testsuite>
  <testsuite name="ParseSimulationConfig" tests="3" failures="0" disabled="0" errors="0" time="0">
    <testcase name="ParseDefaultSimulationConfig" status="run" time="0" classname="ParseSimulationConfig" />
    <testcase name="ExceptionOnInvalidFile" status="run" time="0" classname="ParseSimulationConfig" />
    <testcase name="ParseTravelSimulationConfig" status="run" time="0" classname="ParseSimulationConfig" />
  </testsuite>
  <testsuite name="ParseTravelModel" tests="1" failures="0" disabled="0" errors="0" time="0">
    <testcase name="ParseDefaultTravelModel" status="run" time="0" classname="ParseTravelModel" />
  </testsuite>
  <testsuite name="Mpi" tests="1" failures="0" disabled="0" errors="0" time="0.002">
    <testcase name="GetEnvironment" status="run" time="0.002" classname="Mpi" />
  </testsuite>
  <testsuite name="RunSimulator" tests="3" failures="0" disabled="0" errors="0" time="207.047">
    <testcase name="RunSimulatorDefault" status="run" time="35.791" classname="RunSimulator" />
    <testcase name="RunSimulatorMultiregion" status="run" time="53.287" classname="RunSimulator" />
    <testcase name="RunSimulatorTravel" status="run" time="117.967" classname="RunSimulator" />
  </testsuite>
  <testsuite name="TravelModelGraph" tests="1" failures="0" disabled="0" errors="0" time="0.004">
    <testcase name="VerifyBoostGraph" status="run" time="0.004" classname="TravelModelGraph" />
  </testsuite>
  <testsuite name="HTTP" tests="1" failures="0" disabled="0" errors="0" time="2.001">
    <testcase name="ServerPrototype" status="run" time="2.001" classname="HTTP" />
  </testsuite>
  <testsuite name="Run_default/BatchDemos" tests="1" failures="0" disabled="0" errors="0" time="15.881">
    <testcase name="Run/0" value_param="(&quot;default&quot;, 1)" status="run" time="15.881" classname="Run_default/BatchDemos" />
  </testsuite>
  <testsuite name="Run_seeding_rate/BatchDemos" tests="1" failures="0" disabled="0" errors="0" time="8.372">
    <testcase name="Run/0" value_param="(&quot;seeding_rate&quot;, 1)" status="run" time="8.372" classname="Run_seeding_rate/BatchDemos" />
  </testsuite>
  <testsuite name="Run_immunity_rate/BatchDemos" tests="1" failures="0" disabled="0" errors="0" time="11.675">
    <testcase name="Run/0" value_param="(&quot;immunity_rate&quot;, 1)" status="run" time="11.675" classname="Run_immunity_rate/BatchDemos" />
  </testsuite>
  <testsuite name="Run_measles/BatchDemos" tests="1" failures="0" disabled="0" errors="0" time="11.975">
    <testcase name="Run/0" value_param="(&quot;measles&quot;, 1)" status="run" time="11.975" classname="Run_measles/BatchDemos" />
  </testsuite>
  <testsuite name="Run_maximum/BatchDemos" tests="1" failures="0" disabled="0" errors="0" time="14.787">
    <testcase name="Run/0" value_param="(&quot;maximum&quot;, 1)" status="run" time="14.787" classname="Run_maximum/BatchDemos" />
  </testsuite>
</testsuites>
