<?xml version="1.0" encoding="UTF-8"?>
<testsuites tests="32" failures="2" disabled="0" errors="0" timestamp="2017-05-09T12:35:01" time="405.073" name="AllTests">
  <testsuite name="Alias" tests="2" failures="0" disabled="0" errors="0" time="0">
    <testcase name="Alias" status="run" time="0" classname="Alias" />
    <testcase name="Next" status="run" time="0" classname="Alias" />
  </testsuite>
  <testsuite name="GeoPosition" tests="1" failures="0" disabled="0" errors="0" time="0">
    <testcase name="SampleCalculation" status="run" time="0" classname="GeoPosition" />
  </testsuite>
  <testsuite name="Mpi" tests="1" failures="0" disabled="0" errors="0" time="0.002">
    <testcase name="GetEnvironment" status="run" time="0.002" classname="Mpi" />
  </testsuite>
  <testsuite name="ParsePopulationModel" tests="2" failures="0" disabled="0" errors="0" time="0">
    <testcase name="ParseDefaultPopulationModel" status="run" time="0" classname="ParsePopulationModel" />
    <testcase name="ExceptionOnInvalidFile" status="run" time="0" classname="ParsePopulationModel" />
  </testsuite>
  <testsuite name="ParseSimulationConfig" tests="3" failures="0" disabled="0" errors="0" time="0.001">
    <testcase name="ParseDefaultSimulationConfig" status="run" time="0.001" classname="ParseSimulationConfig" />
    <testcase name="ExceptionOnInvalidFile" status="run" time="0" classname="ParseSimulationConfig" />
    <testcase name="ParseTravelSimulationConfig" status="run" time="0" classname="ParseSimulationConfig" />
  </testsuite>
  <testsuite name="ParseTravelModel" tests="1" failures="0" disabled="0" errors="0" time="0.001">
    <testcase name="ParseDefaultTravelModel" status="run" time="0.001" classname="ParseTravelModel" />
  </testsuite>
  <testsuite name="PopulationGeneration" tests="2" failures="0" disabled="0" errors="0" time="0.557">
    <testcase name="GeneratedPopulationFitsModel" status="run" time="0.134" classname="PopulationGeneration" />
    <testcase name="GeneratedPopulationIsInfectious" status="run" time="0.423" classname="PopulationGeneration" />
  </testsuite>
  <testsuite name="RunSimulator" tests="3" failures="0" disabled="0" errors="0" time="204.688">
    <testcase name="RunSimulatorDefault" status="run" time="32.995" classname="RunSimulator" />
    <testcase name="RunSimulatorMultiregion" status="run" time="51.161" classname="RunSimulator" />
    <testcase name="RunSimulatorTravel" status="run" time="120.529" classname="RunSimulator" />
  </testsuite>
  <testsuite name="TravelModelGraph" tests="1" failures="0" disabled="0" errors="0" time="0.006">
    <testcase name="VerifyBoostGraph" status="run" time="0.006" classname="TravelModelGraph" />
  </testsuite>
  <testsuite name="HTTP" tests="1" failures="0" disabled="0" errors="0" time="2.001">
    <testcase name="ServerPrototype" status="run" time="2.001" classname="HTTP" />
  </testsuite>
  <testsuite name="Run_default/BatchDemos" tests="3" failures="1" disabled="0" errors="0" time="42.257">
    <testcase name="Run/0" value_param="(&quot;default&quot;, 1)" status="run" time="10.952" classname="Run_default/BatchDemos">
      <failure message="/home/travis/build/jonathanvdc/bachelorproef/src/test/cpp/gtester/BatchRuns.cpp:199&#x0A;The difference between num_cases and g_results.at(test_tag) is 68242, which exceeds 15000, where&#x0A;num_cases evaluates to 6758,&#x0A;g_results.at(test_tag) evaluates to 75000, and&#x0A;15000 evaluates to 15000.&#x0A;!! CHANGED !!" type=""><![CDATA[/home/travis/build/jonathanvdc/bachelorproef/src/test/cpp/gtester/BatchRuns.cpp:199
The difference between num_cases and g_results.at(test_tag) is 68242, which exceeds 15000, where
num_cases evaluates to 6758,
g_results.at(test_tag) evaluates to 75000, and
15000 evaluates to 15000.
!! CHANGED !!]]></failure>
    </testcase>
    <testcase name="Run/1" value_param="(&quot;default&quot;, 4)" status="run" time="15.653" classname="Run_default/BatchDemos" />
    <testcase name="Run/2" value_param="(&quot;default&quot;, 8)" status="run" time="15.652" classname="Run_default/BatchDemos" />
  </testsuite>
  <testsuite name="Run_seeding_rate/BatchDemos" tests="3" failures="0" disabled="0" errors="0" time="24.592">
    <testcase name="Run/0" value_param="(&quot;seeding_rate&quot;, 1)" status="run" time="9.805" classname="Run_seeding_rate/BatchDemos" />
    <testcase name="Run/1" value_param="(&quot;seeding_rate&quot;, 4)" status="run" time="7.242" classname="Run_seeding_rate/BatchDemos" />
    <testcase name="Run/2" value_param="(&quot;seeding_rate&quot;, 8)" status="run" time="7.544" classname="Run_seeding_rate/BatchDemos" />
  </testsuite>
  <testsuite name="Run_immunity_rate/BatchDemos" tests="3" failures="0" disabled="0" errors="0" time="37.428">
    <testcase name="Run/0" value_param="(&quot;immunity_rate&quot;, 1)" status="run" time="13.93" classname="Run_immunity_rate/BatchDemos" />
    <testcase name="Run/1" value_param="(&quot;immunity_rate&quot;, 4)" status="run" time="11.648" classname="Run_immunity_rate/BatchDemos" />
    <testcase name="Run/2" value_param="(&quot;immunity_rate&quot;, 8)" status="run" time="11.849" classname="Run_immunity_rate/BatchDemos" />
  </testsuite>
  <testsuite name="Run_measles/BatchDemos" tests="3" failures="1" disabled="0" errors="0" time="50.935">
    <testcase name="Run/0" value_param="(&quot;measles&quot;, 1)" status="run" time="27.726" classname="Run_measles/BatchDemos">
      <failure message="/home/travis/build/jonathanvdc/bachelorproef/src/test/cpp/gtester/BatchRuns.cpp:199&#x0A;The difference between num_cases and g_results.at(test_tag) is 561119, which exceeds 15000, where&#x0A;num_cases evaluates to 696119,&#x0A;g_results.at(test_tag) evaluates to 135000, and&#x0A;15000 evaluates to 15000.&#x0A;!! CHANGED !!" type=""><![CDATA[/home/travis/build/jonathanvdc/bachelorproef/src/test/cpp/gtester/BatchRuns.cpp:199
The difference between num_cases and g_results.at(test_tag) is 561119, which exceeds 15000, where
num_cases evaluates to 696119,
g_results.at(test_tag) evaluates to 135000, and
15000 evaluates to 15000.
!! CHANGED !!]]></failure>
    </testcase>
    <testcase name="Run/1" value_param="(&quot;measles&quot;, 4)" status="run" time="11.459" classname="Run_measles/BatchDemos" />
    <testcase name="Run/2" value_param="(&quot;measles&quot;, 8)" status="run" time="11.749" classname="Run_measles/BatchDemos" />
  </testsuite>
  <testsuite name="Run_maximum/BatchDemos" tests="3" failures="0" disabled="0" errors="0" time="42.603">
    <testcase name="Run/0" value_param="(&quot;maximum&quot;, 1)" status="run" time="15.087" classname="Run_maximum/BatchDemos" />
    <testcase name="Run/1" value_param="(&quot;maximum&quot;, 4)" status="run" time="13.653" classname="Run_maximum/BatchDemos" />
    <testcase name="Run/2" value_param="(&quot;maximum&quot;, 8)" status="run" time="13.851" classname="Run_maximum/BatchDemos" />
  </testsuite>
</testsuites>
