<?xml version="1.0" encoding="UTF-8"?>
<testsuites tests="32" failures="0" disabled="0" errors="0" timestamp="2017-05-04T15:12:05" time="367.341" name="AllTests">
  <testsuite name="Alias" tests="2" failures="0" disabled="0" errors="0" time="0">
    <testcase name="Alias" status="run" time="0" classname="Alias" />
    <testcase name="Next" status="run" time="0" classname="Alias" />
  </testsuite>
  <testsuite name="GeoPosition" tests="1" failures="0" disabled="0" errors="0" time="0">
    <testcase name="SampleCalculation" status="run" time="0" classname="GeoPosition" />
  </testsuite>
  <testsuite name="Mpi" tests="1" failures="0" disabled="0" errors="0" time="0.001">
    <testcase name="GetEnvironment" status="run" time="0.001" classname="Mpi" />
  </testsuite>
  <testsuite name="ParsePopulationModel" tests="2" failures="0" disabled="0" errors="0" time="0.001">
    <testcase name="ParseDefaultPopulationModel" status="run" time="0.001" classname="ParsePopulationModel" />
    <testcase name="ExceptionOnInvalidFile" status="run" time="0" classname="ParsePopulationModel" />
  </testsuite>
  <testsuite name="ParseSimulationConfig" tests="3" failures="0" disabled="0" errors="0" time="0">
    <testcase name="ParseDefaultSimulationConfig" status="run" time="0" classname="ParseSimulationConfig" />
    <testcase name="ExceptionOnInvalidFile" status="run" time="0" classname="ParseSimulationConfig" />
    <testcase name="ParseTravelSimulationConfig" status="run" time="0" classname="ParseSimulationConfig" />
  </testsuite>
  <testsuite name="ParseTravelModel" tests="1" failures="0" disabled="0" errors="0" time="0.001">
    <testcase name="ParseDefaultTravelModel" status="run" time="0.001" classname="ParseTravelModel" />
  </testsuite>
  <testsuite name="PopulationGeneration" tests="2" failures="0" disabled="0" errors="0" time="0.39">
    <testcase name="GeneratedPopulationFitsModel" status="run" time="0.109" classname="PopulationGeneration" />
    <testcase name="GeneratedPopulationIsInfectious" status="run" time="0.281" classname="PopulationGeneration" />
  </testsuite>
  <testsuite name="RunSimulator" tests="3" failures="0" disabled="0" errors="0" time="192.702">
    <testcase name="RunSimulatorDefault" status="run" time="33.86" classname="RunSimulator" />
    <testcase name="RunSimulatorMultiregion" status="run" time="48.398" classname="RunSimulator" />
    <testcase name="RunSimulatorTravel" status="run" time="110.429" classname="RunSimulator" />
  </testsuite>
  <testsuite name="TravelModelGraph" tests="1" failures="0" disabled="0" errors="0" time="0.012">
    <testcase name="VerifyBoostGraph" status="run" time="0.011" classname="TravelModelGraph" />
  </testsuite>
  <testsuite name="HTTP" tests="1" failures="0" disabled="0" errors="0" time="2.001">
    <testcase name="ServerPrototype" status="run" time="2" classname="HTTP" />
  </testsuite>
  <testsuite name="Run_default/BatchDemos" tests="3" failures="0" disabled="0" errors="0" time="45.294">
    <testcase name="Run/0" value_param="(&quot;default&quot;, 1)" status="run" time="14.277" classname="Run_default/BatchDemos" />
    <testcase name="Run/1" value_param="(&quot;default&quot;, 4)" status="run" time="15.552" classname="Run_default/BatchDemos" />
    <testcase name="Run/2" value_param="(&quot;default&quot;, 8)" status="run" time="15.465" classname="Run_default/BatchDemos" />
  </testsuite>
  <testsuite name="Run_seeding_rate/BatchDemos" tests="3" failures="0" disabled="0" errors="0" time="23.357">
    <testcase name="Run/0" value_param="(&quot;seeding_rate&quot;, 1)" status="run" time="7.877" classname="Run_seeding_rate/BatchDemos" />
    <testcase name="Run/1" value_param="(&quot;seeding_rate&quot;, 4)" status="run" time="7.741" classname="Run_seeding_rate/BatchDemos" />
    <testcase name="Run/2" value_param="(&quot;seeding_rate&quot;, 8)" status="run" time="7.739" classname="Run_seeding_rate/BatchDemos" />
  </testsuite>
  <testsuite name="Run_immunity_rate/BatchDemos" tests="3" failures="0" disabled="0" errors="0" time="31.561">
    <testcase name="Run/0" value_param="(&quot;immunity_rate&quot;, 1)" status="run" time="10.475" classname="Run_immunity_rate/BatchDemos" />
    <testcase name="Run/1" value_param="(&quot;immunity_rate&quot;, 4)" status="run" time="10.543" classname="Run_immunity_rate/BatchDemos" />
    <testcase name="Run/2" value_param="(&quot;immunity_rate&quot;, 8)" status="run" time="10.543" classname="Run_immunity_rate/BatchDemos" />
  </testsuite>
  <testsuite name="Run_measles/BatchDemos" tests="3" failures="0" disabled="0" errors="0" time="32.258">
    <testcase name="Run/0" value_param="(&quot;measles&quot;, 1)" status="run" time="11.072" classname="Run_measles/BatchDemos" />
    <testcase name="Run/1" value_param="(&quot;measles&quot;, 4)" status="run" time="10.643" classname="Run_measles/BatchDemos" />
    <testcase name="Run/2" value_param="(&quot;measles&quot;, 8)" status="run" time="10.541" classname="Run_measles/BatchDemos" />
  </testsuite>
  <testsuite name="Run_maximum/BatchDemos" tests="3" failures="0" disabled="0" errors="0" time="39.76">
    <testcase name="Run/0" value_param="(&quot;maximum&quot;, 1)" status="run" time="13.372" classname="Run_maximum/BatchDemos" />
    <testcase name="Run/1" value_param="(&quot;maximum&quot;, 4)" status="run" time="13.145" classname="Run_maximum/BatchDemos" />
    <testcase name="Run/2" value_param="(&quot;maximum&quot;, 8)" status="run" time="13.243" classname="Run_maximum/BatchDemos" />
  </testsuite>
</testsuites>
